NODE_ENV--> production
HTTP Server running on port1 8880
Mongoose default connection successfully connected mongodb://192.168.1.75:16879/JHdfrTCSErytcsERSCErtcsdry
connection successful
NODE_ENV--> production
HTTP Server running on port1 8880
Mongoose default connection successfully connected mongodb://192.168.1.75:16879/JHdfrTCSErytcsERSCErtcsdry
connection successful
NODE_ENV--> production
HTTP Server running on port1 8880
Mongoose default connection successfully connected mongodb://192.168.1.75:16879/JHdfrTCSErytcsERSCErtcsdry
connection successful
NODE_ENV--> production
HTTP Server running on port1 8880
Mongoose default connection successfully connected mongodb://192.168.1.75:16879/JHdfrTCSErytcsERSCErtcsdry
connection successful
NODE_ENV--> production
HTTP Server running on port1 8880
Mongoose default connection successfully connected mongodb://192.168.1.75:16879/JHdfrTCSErytcsERSCErtcsdry
connection successful
[0mGET / [36m304 [0m184.010 ms - -[0m
[0mGET /stylesheets/style.css [36m304 [0m1.701 ms - -[0m
[0mGET /admin/test [32m200 [0m5.568 ms - 180[0m
NODE_ENV--> production
HTTP Server running on port1 8880
Mongoose default connection successfully connected mongodb://192.168.1.75:16879/JHdfrTCSErytcsERSCErtcsdry
connection successful
NODE_ENV--> production
HTTP Server running on port1 8880
Mongoose default connection successfully connected mongodb://192.168.1.75:16879/JHdfrTCSErytcsERSCErtcsdry
connection successful
NODE_ENV--> production
HTTP Server running on port1 8880
Mongoose default connection successfully connected mongodb://192.168.1.75:16879/JHdfrTCSErytcsERSCErtcsdry
connection successful
NODE_ENV--> production
HTTP Server running on port1 8880
Mongoose default connection successfully connected mongodb://192.168.1.75:16879/JHdfrTCSErytcsERSCErtcsdry
connection successful
NODE_ENV--> production
HTTP Server running on port1 8880
NODE_ENV--> production
HTTP Server running on port1 8880
Mongoose default connection successfully connected mongodb://192.168.1.75:16879/JHdfrTCSErytcsERSCErtcsdry
connection successful
[0mGET /admin/getaccdetails [36m304 [0m4.042 ms - -[0m
[0mGET /admin/blockip [36m304 [0m131.019 ms - -[0m
[0mGET /admin/settings [36m304 [0m196.004 ms - -[0m
[0mGET /admin/blockip [32m200 [0m251.377 ms - 38[0m
[0mGET /admin/getaccdetails [36m304 [0m1.171 ms - -[0m
[0mGET /admin/blockip [36m304 [0m144.171 ms - -[0m
[0mGET /admin/blockip [32m200 [0m181.453 ms - 38[0m
[0mGET /admin/settings [36m304 [0m217.803 ms - -[0m
[0mGET /admin/getaccdetails [36m304 [0m0.772 ms - -[0m
[0mGET /admin/blockip [36m304 [0m151.940 ms - -[0m
[0mGET /admin/settings [36m304 [0m228.487 ms - -[0m
[0mGET /admin/blockip [32m200 [0m201.288 ms - 38[0m
[0mGET /admin/getaccdetails [36m304 [0m1.484 ms - -[0m
[0mGET /admin/settings [36m304 [0m241.625 ms - -[0m
[0mGET /admin/blockip [36m304 [0m248.790 ms - -[0m
[0mGET /admin/blockip [32m200 [0m216.218 ms - 38[0m
[0mGET /admin/getaccdetails [36m304 [0m1.027 ms - -[0m
[0mGET /admin/blockip [36m304 [0m135.562 ms - -[0m
[0mGET /admin/blockip [32m200 [0m189.054 ms - 38[0m
[0mGET /admin/settings [36m304 [0m238.351 ms - -[0m
[0mGET /admin/getaccdetails [36m304 [0m0.750 ms - -[0m
[0mGET /admin/blockip [36m304 [0m163.877 ms - -[0m
[0mGET /admin/blockip [32m200 [0m208.607 ms - 38[0m
[0mGET /admin/settings [36m304 [0m324.200 ms - -[0m
[0mGET /admin/getaccdetails [36m304 [0m0.985 ms - -[0m
[0mGET /admin/blockip [36m304 [0m278.450 ms - -[0m
[0mGET /admin/blockip [32m200 [0m313.544 ms - 38[0m
[0mGET /admin/settings [36m304 [0m353.152 ms - -[0m
[0mGET /admin/getaccdetails [36m304 [0m0.620 ms - -[0m
[0mGET /admin/blockip [36m304 [0m114.898 ms - -[0m
[0mGET /admin/settings [36m304 [0m247.422 ms - -[0m
[0mGET /admin/blockip [32m200 [0m217.888 ms - 38[0m
[0mGET /admin/getaccdetails [36m304 [0m2.178 ms - -[0m
[0mGET /admin/settings [36m304 [0m148.149 ms - -[0m
[0mGET /admin/blockip [36m304 [0m224.939 ms - -[0m
[0mGET /admin/blockip [32m200 [0m253.546 ms - 38[0m
[0mGET /admin/getaccdetails [36m304 [0m0.908 ms - -[0m
[0mGET /admin/blockip [36m304 [0m437.370 ms - -[0m
[0mGET /admin/blockip [32m200 [0m404.409 ms - 38[0m
[0mGET /admin/settings [36m304 [0m451.183 ms - -[0m
[0mGET /admin/getaccdetails [36m304 [0m0.794 ms - -[0m
[0mGET /admin/blockip [36m304 [0m119.081 ms - -[0m
[0mGET /admin/blockip [32m200 [0m222.256 ms - 38[0m
[0mGET /admin/settings [36m304 [0m259.779 ms - -[0m
[0mGET /admin/getaccdetails [36m304 [0m0.887 ms - -[0m
[0mGET /admin/blockip [36m304 [0m275.607 ms - -[0m
[0mGET /admin/settings [36m304 [0m352.694 ms - -[0m
[0mGET /admin/blockip [32m200 [0m408.805 ms - 38[0m
[0mGET /admin/getaccdetails [36m304 [0m1.040 ms - -[0m
[0mGET /admin/blockip [36m304 [0m152.737 ms - -[0m
[0mGET /admin/blockip [32m200 [0m198.512 ms - 38[0m
[0mGET /admin/settings [36m304 [0m334.296 ms - -[0m
[0mGET /admin/getaccdetails [36m304 [0m0.813 ms - -[0m
[0mGET /admin/blockip [36m304 [0m239.575 ms - -[0m
[0mGET /admin/blockip [32m200 [0m289.745 ms - 38[0m
[0mGET /admin/settings [36m304 [0m400.417 ms - -[0m
[0mGET /admin/getaccdetails [36m304 [0m0.793 ms - -[0m
[0mGET /admin/blockip [36m304 [0m297.077 ms - -[0m
[0mGET /admin/settings [36m304 [0m392.925 ms - -[0m
[0mGET /admin/blockip [32m200 [0m365.866 ms - 38[0m
[0mGET /admin/getaccdetails [36m304 [0m0.741 ms - -[0m
[0mGET /admin/blockip [36m304 [0m156.824 ms - -[0m
[0mGET /admin/blockip [32m200 [0m252.377 ms - 38[0m
[0mGET /admin/settings [36m304 [0m286.707 ms - -[0m
[0mGET /admin/getaccdetails [36m304 [0m1.078 ms - -[0m
[0mGET /admin/blockip [36m304 [0m178.097 ms - -[0m
[0mGET /admin/settings [36m304 [0m259.746 ms - -[0m
[0mGET /admin/blockip [32m200 [0m343.376 ms - 38[0m
[0mGET /admin/getaccdetails [36m304 [0m1.811 ms - -[0m
[0mGET /admin/blockip [36m304 [0m124.180 ms - -[0m
[0mGET /admin/blockip [32m200 [0m220.410 ms - 38[0m
[0mGET /admin/settings [36m304 [0m365.119 ms - -[0m
[0mGET /admin/getaccdetails [36m304 [0m0.953 ms - -[0m
[0mGET /admin/blockip [36m304 [0m284.384 ms - -[0m
[0mGET /admin/settings [36m304 [0m363.068 ms - -[0m
[0mGET /admin/blockip [32m200 [0m335.604 ms - 38[0m
[0mGET /admin/getaccdetails [36m304 [0m0.977 ms - -[0m
[0mGET /admin/blockip [36m304 [0m174.037 ms - -[0m
[0mGET /admin/blockip [32m200 [0m268.527 ms - 38[0m
[0mGET /admin/settings [36m304 [0m307.483 ms - -[0m
[0mGET /admin/getaccdetails [36m304 [0m0.954 ms - -[0m
[0mGET /admin/blockip [36m304 [0m312.807 ms - -[0m
[0mGET /admin/settings [36m304 [0m410.027 ms - -[0m
[0mGET /admin/blockip [32m200 [0m452.316 ms - 38[0m
[0mGET /admin/getaccdetails [36m304 [0m1.019 ms - -[0m
[0mGET /admin/blockip [36m304 [0m331.869 ms - -[0m
[0mGET /admin/blockip [32m200 [0m380.586 ms - 38[0m
[0mGET /admin/settings [36m304 [0m411.370 ms - -[0m
[0mGET /admin/getaccdetails [36m304 [0m0.621 ms - -[0m
[0mGET /admin/blockip [36m304 [0m176.994 ms - -[0m
[0mGET /admin/settings [36m304 [0m262.200 ms - -[0m
[0mGET /admin/blockip [32m200 [0m232.306 ms - 38[0m
[0mGET /admin/getaccdetails [36m304 [0m1.994 ms - -[0m
[0mGET /admin/blockip [36m304 [0m110.195 ms - -[0m
[0mGET /admin/blockip [32m200 [0m174.678 ms - 38[0m
[0mGET /admin/settings [36m304 [0m293.565 ms - -[0m
[0mGET /admin/getaccdetails [36m304 [0m0.724 ms - -[0m
[0mGET /admin/blockip [36m304 [0m105.103 ms - -[0m
[0mGET /admin/blockip [32m200 [0m148.833 ms - 38[0m
[0mGET /admin/settings [36m304 [0m269.671 ms - -[0m
[0mGET /admin/getaccdetails [36m304 [0m0.686 ms - -[0m
[0mGET /admin/blockip [36m304 [0m197.215 ms - -[0m
[0mGET /admin/settings [36m304 [0m335.254 ms - -[0m
[0mGET /admin/blockip [32m200 [0m306.823 ms - 38[0m
[0mGET /admin/getaccdetails [36m304 [0m1.178 ms - -[0m
[0mGET /admin/blockip [32m200 [0m212.256 ms - 38[0m
[0mGET /admin/blockip [36m304 [0m369.993 ms - -[0m
[0mGET /admin/settings [36m304 [0m367.246 ms - -[0m
[0mGET /admin/getaccdetails [36m304 [0m0.610 ms - -[0m
[0mGET /admin/blockip [36m304 [0m292.565 ms - -[0m
[0mGET /admin/blockip [32m200 [0m365.617 ms - 38[0m
[0mGET /admin/settings [36m304 [0m396.092 ms - -[0m
[0mGET /admin/getaccdetails [36m304 [0m0.807 ms - -[0m
[0mGET /admin/blockip [36m304 [0m177.643 ms - -[0m
[0mGET /admin/blockip [32m200 [0m219.376 ms - 38[0m
[0mGET /admin/settings [36m304 [0m253.645 ms - -[0m
[0mGET /admin/getaccdetails [36m304 [0m1.041 ms - -[0m
[0mGET /admin/blockip [36m304 [0m426.485 ms - -[0m
[0mGET /admin/blockip [32m200 [0m470.097 ms - 38[0m
[0mGET /admin/settings [36m304 [0m584.228 ms - -[0m
[0mGET /admin/getaccdetails [36m304 [0m0.564 ms - -[0m
[0mGET /admin/blockip [36m304 [0m113.667 ms - -[0m
[0mGET /admin/blockip [32m200 [0m210.015 ms - 38[0m
[0mGET /admin/settings [36m304 [0m244.733 ms - -[0m
[0mGET /admin/getaccdetails [36m304 [0m0.602 ms - -[0m
[0mGET /admin/blockip [36m304 [0m163.010 ms - -[0m
[0mGET /admin/blockip [32m200 [0m128.116 ms - 38[0m
[0mGET /admin/settings [36m304 [0m162.266 ms - -[0m
[0mGET /admin/getaccdetails [36m304 [0m0.756 ms - -[0m
[0mGET /admin/blockip [36m304 [0m247.715 ms - -[0m
[0mGET /admin/blockip [32m200 [0m298.162 ms - 38[0m
[0mGET /admin/settings [36m304 [0m402.678 ms - -[0m
[0mGET /admin/getaccdetails [36m304 [0m0.524 ms - -[0m
[0mGET /admin/blockip [36m304 [0m230.361 ms - -[0m
[0mGET /admin/settings [36m304 [0m321.338 ms - -[0m
[0mGET /admin/blockip [32m200 [0m442.166 ms - 38[0m
[0mGET /admin/getaccdetails [36m304 [0m0.550 ms - -[0m
[0mGET /admin/blockip [36m304 [0m147.807 ms - -[0m
[0mGET /admin/settings [36m304 [0m232.944 ms - -[0m
[0mGET /admin/blockip [32m200 [0m281.390 ms - 38[0m
[0mGET /admin/getaccdetails [36m304 [0m0.514 ms - -[0m
[0mGET /admin/blockip [36m304 [0m115.889 ms - -[0m
[0mGET /admin/blockip [32m200 [0m164.584 ms - 38[0m
[0mGET /admin/settings [36m304 [0m280.033 ms - -[0m
[0mGET /admin/getaccdetails [36m304 [0m0.574 ms - -[0m
[0mGET /admin/blockip [36m304 [0m158.672 ms - -[0m
[0mGET /admin/settings [36m304 [0m233.159 ms - -[0m
[0mGET /admin/blockip [32m200 [0m274.816 ms - 38[0m
NODE_ENV--> production
HTTP Server running on port1 8880
Mongoose default connection successfully connected mongodb://192.168.1.75:16879/JHdfrTCSErytcsERSCErtcsdry
connection successful
Mongoose default connection disconnected
Mongoose default connection successfully connected mongodb://192.168.1.75:16879/JHdfrTCSErytcsERSCErtcsdry
[0mGET /admin/getaccdetails [36m304 [0m3.196 ms - -[0m
[0mGET /admin/blockip [36m304 [0m700.562 ms - -[0m
[0mGET /admin/settings [36m304 [0m788.331 ms - -[0m
[0mGET /admin/blockip [32m200 [0m867.976 ms - 38[0m
[0mGET /admin/blockip [36m304 [0m312.531 ms - -[0m
[0mGET /admin/settings [36m304 [0m388.809 ms - -[0m
[0mGET /admin/getaccdetails [36m304 [0m2.230 ms - -[0m
[0mGET /admin/blockip [36m304 [0m138.806 ms - -[0m
[0mPOST /admin/chklogin [32m200 [0m328.790 ms - 76[0m
[0mPOST /admin/tfaLogin [32m200 [0m118.669 ms - 306[0m
[0mGET /admin/settings [36m304 [0m248.567 ms - -[0m
[0mGET /admin/profile/ [36m304 [0m251.410 ms - -[0m
[0mGET /admin/admin_access [32m200 [0m146.818 ms - 33[0m
[0mGET /admin/getblockip [32m200 [0m189.930 ms - 25[0m
[0mGET /admin/getaccdetails [36m304 [0m0.608 ms - -[0m
[0mPOST /admin/bridgehistory [32m200 [0m365.316 ms - 1082[0m
[0mPOST /admin/bridgehistory [32m200 [0m215.366 ms - 1082[0m
[0mPOST /admin/bridgehistory [32m200 [0m309.780 ms - 1082[0m
[0mGET /admin/blockip [36m304 [0m133.810 ms - -[0m
[0mGET /admin/settings [36m304 [0m316.365 ms - -[0m
[0mGET /admin/getaccdetails [36m304 [0m0.569 ms - -[0m
[0mGET /admin/profile/ [36m304 [0m283.176 ms - -[0m
[0mGET /admin/settings [36m304 [0m519.594 ms - -[0m
[0mPOST /admin/bridgehistory [32m200 [0m592.830 ms - 1082[0m
[0mGET /admin/getaccdetails [36m304 [0m0.926 ms - -[0m
[0mPOST /admin/stakehistory [32m200 [0m354.318 ms - 3042[0m
NODE_ENV--> production
HTTP Server running on port1 8880
Mongoose default connection successfully connected mongodb://192.168.1.75:16879/JHdfrTCSErytcsERSCErtcsdry
connection successful
NODE_ENV--> production
HTTP Server running on port1 8880
Mongoose default connection successfully connected mongodb://192.168.1.75:16879/JHdfrTCSErytcsERSCErtcsdry
connection successful
NODE_ENV--> production
HTTP Server running on port1 8880
Mongoose default connection successfully connected mongodb://192.168.1.75:16879/JHdfrTCSErytcsERSCErtcsdry
connection successful
NODE_ENV--> production
HTTP Server running on port1 8880
Mongoose default connection successfully connected mongodb://192.168.1.75:16879/JHdfrTCSErytcsERSCErtcsdry
connection successful
[0mGET /admin/settings [36m304 [0m250.596 ms - -[0m
[0mGET /admin/blockip [36m304 [0m285.303 ms - -[0m
[0mGET /admin/getaccdetails [36m304 [0m1.027 ms - -[0m
[0mGET /admin/settings [36m304 [0m137.747 ms - -[0m
[0mGET /admin/profile/ [36m304 [0m226.757 ms - -[0m
[0mPOST /admin/stakehistory [32m200 [0m249.700 ms - 3044[0m
[0mGET /admin/getaccdetails [36m304 [0m0.697 ms - -[0m
[0mGET /admin/admin_access [32m200 [0m92.568 ms - 33[0m
[0mGET /admin/settings [36m304 [0m213.438 ms - -[0m
[0mGET /admin/getaccdetails [36m304 [0m0.818 ms - -[0m
[0mPOST /admin/bridgehistory [32m200 [0m202.358 ms - 1101[0m
[0mPOST /admin/loghistory [32m200 [0m246.104 ms - 1380[0m
[0mGET /admin/getaccdetails [36m304 [0m1.084 ms - -[0m
[0mGET /admin/admin_access [32m200 [0m422.474 ms - 33[0m
[0mGET /admin/settings [36m304 [0m424.593 ms - -[0m
Mongoose default connection disconnected
[0mGET /admin/getaccdetails [36m304 [0m0.710 ms - -[0m
[0mGET /socket.io/?EIO=3&transport=websocket [33m404 [0m175.073 ms - 160[0m
Mongoose default connection successfully connected mongodb://192.168.1.75:16879/JHdfrTCSErytcsERSCErtcsdry
[0mGET /socket.io/?EIO=3&transport=websocket [33m404 [0m1.171 ms - 160[0m
[0mGET /socket.io/?EIO=3&transport=websocket [33m404 [0m0.876 ms - 160[0m
[0mGET /admin/profile [36m304 [0m7438.976 ms - -[0m
[0mGET /socket.io/?EIO=3&transport=websocket [33m404 [0m1.299 ms - 160[0m
[0mGET /socket.io/?EIO=3&transport=websocket [33m404 [0m1.171 ms - 160[0m
[0mGET /socket.io/?EIO=3&transport=websocket [33m404 [0m0.568 ms - 160[0m
[0mGET /socket.io/?EIO=3&transport=websocket [33m404 [0m1.188 ms - 160[0m
[0mGET /socket.io/?EIO=3&transport=websocket [33m404 [0m0.588 ms - 160[0m
[0mGET /socket.io/?EIO=3&transport=websocket [33m404 [0m0.864 ms - 160[0m
[0mGET /socket.io/?EIO=3&transport=websocket [33m404 [0m0.641 ms - 160[0m
[0mGET /socket.io/?EIO=3&transport=websocket [33m404 [0m0.579 ms - 160[0m
[0mGET /socket.io/?EIO=3&transport=websocket [33m404 [0m1.099 ms - 160[0m
[0mGET /socket.io/?EIO=3&transport=websocket [33m404 [0m1.096 ms - 160[0m
[0mGET /socket.io/?EIO=3&transport=websocket [33m404 [0m1.158 ms - 160[0m
[0mGET /socket.io/?EIO=3&transport=websocket [33m404 [0m1.121 ms - 160[0m
[0mGET /socket.io/?EIO=3&transport=websocket [33m404 [0m1.105 ms - 160[0m
[0mGET /socket.io/?EIO=3&transport=websocket [33m404 [0m0.656 ms - 160[0m
[0mGET /socket.io/?EIO=3&transport=websocket [33m404 [0m0.592 ms - 160[0m
[0mGET /socket.io/?EIO=3&transport=websocket [33m404 [0m1.075 ms - 160[0m
[0mGET /socket.io/?EIO=3&transport=websocket [33m404 [0m1.976 ms - 160[0m
[0mGET /socket.io/?EIO=3&transport=websocket [33m404 [0m1.157 ms - 160[0m
[0mGET /socket.io/?EIO=3&transport=websocket [33m404 [0m1.033 ms - 160[0m
[0mGET /socket.io/?EIO=3&transport=websocket [33m404 [0m0.630 ms - 160[0m
[0mGET /socket.io/?EIO=3&transport=websocket [33m404 [0m1.009 ms - 160[0m
[0mGET /socket.io/?EIO=3&transport=websocket [33m404 [0m1.074 ms - 160[0m
[0mGET /admin/getaccdetails [36m304 [0m0.984 ms - -[0m
[0mGET /admin/admin_access [32m200 [0m320.789 ms - 33[0m
[0mGET /admin/settings [36m304 [0m1118.613 ms - -[0m
[0mGET /admin/getaccdetails [36m304 [0m1.037 ms - -[0m
[0mGET /socket.io/?EIO=3&transport=websocket [33m404 [0m1.917 ms - 160[0m
[0mGET /admin/profile [36m304 [0m2451.182 ms - -[0m
[0mGET /socket.io/?EIO=3&transport=websocket [33m404 [0m1.042 ms - 160[0m
[0mGET /socket.io/?EIO=3&transport=websocket [33m404 [0m1.438 ms - 160[0m
[0mGET /socket.io/?EIO=3&transport=websocket [33m404 [0m1.064 ms - 160[0m
[0mGET /socket.io/?EIO=3&transport=websocket [33m404 [0m1.099 ms - 160[0m
[0mGET /socket.io/?EIO=3&transport=websocket [33m404 [0m1.107 ms - 160[0m
[0mGET /socket.io/?EIO=3&transport=websocket [33m404 [0m1.038 ms - 160[0m
[0mGET /socket.io/?EIO=3&transport=websocket [33m404 [0m1.028 ms - 160[0m
[0mGET /socket.io/?EIO=3&transport=websocket [33m404 [0m1.089 ms - 160[0m
[0mGET /socket.io/?EIO=3&transport=websocket [33m404 [0m0.571 ms - 160[0m
[0mGET /socket.io/?EIO=3&transport=websocket [33m404 [0m1.064 ms - 160[0m
[0mGET /socket.io/?EIO=3&transport=websocket [33m404 [0m1.044 ms - 160[0m
[0mGET /socket.io/?EIO=3&transport=websocket [33m404 [0m1.051 ms - 160[0m
[0mGET /socket.io/?EIO=3&transport=websocket [33m404 [0m1.040 ms - 160[0m
[0mGET /socket.io/?EIO=3&transport=websocket [33m404 [0m1.008 ms - 160[0m
[0mGET /socket.io/?EIO=3&transport=websocket [33m404 [0m1.178 ms - 160[0m
[0mGET /socket.io/?EIO=3&transport=websocket [33m404 [0m1.503 ms - 160[0m
[0mGET /socket.io/?EIO=3&transport=websocket [33m404 [0m1.672 ms - 160[0m
[0mGET /socket.io/?EIO=3&transport=websocket [33m404 [0m1.211 ms - 160[0m
[0mGET /socket.io/?EIO=3&transport=websocket [33m404 [0m1.069 ms - 160[0m
[0mGET /socket.io/?EIO=3&transport=websocket [33m404 [0m1.244 ms - 160[0m
[0mGET /socket.io/?EIO=3&transport=websocket [33m404 [0m1.035 ms - 160[0m
[0mGET /socket.io/?EIO=3&transport=websocket [33m404 [0m1.076 ms - 160[0m
[0mGET /socket.io/?EIO=3&transport=websocket [33m404 [0m0.907 ms - 160[0m
[0mGET /socket.io/?EIO=3&transport=websocket [33m404 [0m1.217 ms - 160[0m
[0mGET /socket.io/?EIO=3&transport=websocket [33m404 [0m1.048 ms - 160[0m
[0mGET /socket.io/?EIO=3&transport=websocket [33m404 [0m1.098 ms - 160[0m
[0mGET /socket.io/?EIO=3&transport=websocket [33m404 [0m1.072 ms - 160[0m
[0mGET /socket.io/?EIO=3&transport=websocket [33m404 [0m1.149 ms - 160[0m
[0mGET /socket.io/?EIO=3&transport=websocket [33m404 [0m1.110 ms - 160[0m
[0mGET /socket.io/?EIO=3&transport=websocket [33m404 [0m1.046 ms - 160[0m
[0mGET /socket.io/?EIO=3&transport=websocket [33m404 [0m1.047 ms - 160[0m
[0mGET /socket.io/?EIO=3&transport=websocket [33m404 [0m1.324 ms - 160[0m
[0mGET /socket.io/?EIO=3&transport=websocket [33m404 [0m0.678 ms - 160[0m
[0mGET /socket.io/?EIO=3&transport=websocket [33m404 [0m1.427 ms - 160[0m
[0mGET /socket.io/?EIO=3&transport=websocket [33m404 [0m0.907 ms - 160[0m
[0mGET /socket.io/?EIO=3&transport=websocket [33m404 [0m0.912 ms - 160[0m
[0mGET /socket.io/?EIO=3&transport=websocket [33m404 [0m1.042 ms - 160[0m
[0mGET /socket.io/?EIO=3&transport=websocket [33m404 [0m1.037 ms - 160[0m
[0mGET /socket.io/?EIO=3&transport=websocket [33m404 [0m1.072 ms - 160[0m
[0mGET /socket.io/?EIO=3&transport=websocket [33m404 [0m1.155 ms - 160[0m
[0mGET /socket.io/?EIO=3&transport=websocket [33m404 [0m0.573 ms - 160[0m
[0mGET /socket.io/?EIO=3&transport=websocket [33m404 [0m1.235 ms - 160[0m
[0mGET /socket.io/?EIO=3&transport=websocket [33m404 [0m1.019 ms - 160[0m
[0mGET /socket.io/?EIO=3&transport=websocket [33m404 [0m3.215 ms - 160[0m
[0mGET /socket.io/?EIO=3&transport=websocket [33m404 [0m0.662 ms - 160[0m
[0mGET /socket.io/?EIO=3&transport=websocket [33m404 [0m1.088 ms - 160[0m
[0mGET /socket.io/?EIO=3&transport=websocket [33m404 [0m1.234 ms - 160[0m
[0mGET /socket.io/?EIO=3&transport=websocket [33m404 [0m1.071 ms - 160[0m
[0mGET /socket.io/?EIO=3&transport=websocket [33m404 [0m1.391 ms - 160[0m
[0mGET /socket.io/?EIO=3&transport=websocket [33m404 [0m1.319 ms - 160[0m
[0mGET /socket.io/?EIO=3&transport=websocket [33m404 [0m0.931 ms - 160[0m
[0mGET /socket.io/?EIO=3&transport=websocket [33m404 [0m1.083 ms - 160[0m
[0mGET /socket.io/?EIO=3&transport=websocket [33m404 [0m0.904 ms - 160[0m
[0mGET /socket.io/?EIO=3&transport=websocket [33m404 [0m0.677 ms - 160[0m
[0mGET /socket.io/?EIO=3&transport=websocket [33m404 [0m1.051 ms - 160[0m
[0mGET /socket.io/?EIO=3&transport=websocket [33m404 [0m4.514 ms - 160[0m
[0mGET /socket.io/?EIO=3&transport=websocket [33m404 [0m1.071 ms - 160[0m
[0mGET /socket.io/?EIO=3&transport=websocket [33m404 [0m1.049 ms - 160[0m
[0mGET /socket.io/?EIO=3&transport=websocket [33m404 [0m1.496 ms - 160[0m
[0mGET /socket.io/?EIO=3&transport=websocket [33m404 [0m1.090 ms - 160[0m
[0mGET /socket.io/?EIO=3&transport=websocket [33m404 [0m1.116 ms - 160[0m
[0mGET /socket.io/?EIO=3&transport=websocket [33m404 [0m1.212 ms - 160[0m
[0mGET /socket.io/?EIO=3&transport=websocket [33m404 [0m1.051 ms - 160[0m
[0mGET /socket.io/?EIO=3&transport=websocket [33m404 [0m1.317 ms - 160[0m
[0mGET /socket.io/?EIO=3&transport=websocket [33m404 [0m2.250 ms - 160[0m
[0mGET /socket.io/?EIO=3&transport=websocket [33m404 [0m1.035 ms - 160[0m
[0mGET /socket.io/?EIO=3&transport=websocket [33m404 [0m1.108 ms - 160[0m
[0mGET /socket.io/?EIO=3&transport=websocket [33m404 [0m1.266 ms - 160[0m
[0mGET /socket.io/?EIO=3&transport=websocket [33m404 [0m0.746 ms - 160[0m
[0mGET /socket.io/?EIO=3&transport=websocket [33m404 [0m1.044 ms - 160[0m
[0mGET /socket.io/?EIO=3&transport=websocket [33m404 [0m1.087 ms - 160[0m
[0mGET /socket.io/?EIO=3&transport=websocket [33m404 [0m1.048 ms - 160[0m
[0mGET /admin/getaccdetails [36m304 [0m0.862 ms - -[0m
[0mGET /admin/blockip [36m304 [0m314.995 ms - -[0m
[0mGET /socket.io/?EIO=3&transport=websocket [33m404 [0m1.100 ms - 160[0m
[0mGET /socket.io/?EIO=3&transport=websocket [33m404 [0m1.055 ms - 160[0m
[0mGET /socket.io/?EIO=3&transport=websocket [33m404 [0m0.653 ms - 160[0m
[0mGET /socket.io/?EIO=3&transport=websocket [33m404 [0m1.069 ms - 160[0m
[0mGET /socket.io/?EIO=3&transport=websocket [33m404 [0m0.678 ms - 160[0m
[0mGET /socket.io/?EIO=3&transport=websocket [33m404 [0m1.078 ms - 160[0m
[0mGET /socket.io/?EIO=3&transport=websocket [33m404 [0m0.540 ms - 160[0m
[0mGET /socket.io/?EIO=3&transport=websocket [33m404 [0m1.057 ms - 160[0m
[0mGET /socket.io/?EIO=3&transport=websocket [33m404 [0m1.046 ms - 160[0m
[0mGET /socket.io/?EIO=3&transport=websocket [33m404 [0m1.052 ms - 160[0m
[0mGET /socket.io/?EIO=3&transport=websocket [33m404 [0m1.069 ms - 160[0m
[0mGET /socket.io/?EIO=3&transport=websocket [33m404 [0m1.039 ms - 160[0m
[0mGET /socket.io/?EIO=3&transport=websocket [33m404 [0m1.022 ms - 160[0m
[0mGET /socket.io/?EIO=3&transport=websocket [33m404 [0m1.524 ms - 160[0m
[0mGET /socket.io/?EIO=3&transport=websocket [33m404 [0m1.018 ms - 160[0m
[0mGET /socket.io/?EIO=3&transport=websocket [33m404 [0m0.754 ms - 160[0m
[0mGET /socket.io/?EIO=3&transport=websocket [33m404 [0m1.047 ms - 160[0m
[0mGET /socket.io/?EIO=3&transport=websocket [33m404 [0m1.137 ms - 160[0m
[0mGET /socket.io/?EIO=3&transport=websocket [33m404 [0m1.042 ms - 160[0m
[0mGET /socket.io/?EIO=3&transport=websocket [33m404 [0m1.047 ms - 160[0m
[0mGET /socket.io/?EIO=3&transport=websocket [33m404 [0m1.011 ms - 160[0m
[0mGET /socket.io/?EIO=3&transport=websocket [33m404 [0m0.631 ms - 160[0m
[0mGET /socket.io/?EIO=3&transport=websocket [33m404 [0m0.968 ms - 160[0m
[0mGET /socket.io/?EIO=3&transport=websocket [33m404 [0m1.058 ms - 160[0m
[0mGET /socket.io/?EIO=3&transport=websocket [33m404 [0m0.641 ms - 160[0m
[0mGET /socket.io/?EIO=3&transport=websocket [33m404 [0m0.713 ms - 160[0m
[0mGET /socket.io/?EIO=3&transport=websocket [33m404 [0m0.817 ms - 160[0m
[0mGET /socket.io/?EIO=3&transport=websocket [33m404 [0m0.531 ms - 160[0m
[0mGET /socket.io/?EIO=3&transport=websocket [33m404 [0m0.942 ms - 160[0m
[0mGET /socket.io/?EIO=3&transport=websocket [33m404 [0m0.834 ms - 160[0m
[0mGET /socket.io/?EIO=3&transport=websocket [33m404 [0m0.696 ms - 160[0m
[0mGET /socket.io/?EIO=3&transport=websocket [33m404 [0m0.720 ms - 160[0m
[0mGET /socket.io/?EIO=3&transport=websocket [33m404 [0m0.859 ms - 160[0m
[0mGET /socket.io/?EIO=3&transport=websocket [33m404 [0m0.823 ms - 160[0m
[0mGET /socket.io/?EIO=3&transport=websocket [33m404 [0m1.071 ms - 160[0m
[0mGET /socket.io/?EIO=3&transport=websocket [33m404 [0m0.534 ms - 160[0m
[0mGET /socket.io/?EIO=3&transport=websocket [33m404 [0m0.534 ms - 160[0m
[0mGET /socket.io/?EIO=3&transport=websocket [33m404 [0m0.890 ms - 160[0m
[0mGET /socket.io/?EIO=3&transport=websocket [33m404 [0m1.143 ms - 160[0m
[0mGET /socket.io/?EIO=3&transport=websocket [33m404 [0m1.342 ms - 160[0m
[0mGET /socket.io/?EIO=3&transport=websocket [33m404 [0m1.283 ms - 160[0m
[0mGET /socket.io/?EIO=3&transport=websocket [33m404 [0m1.082 ms - 160[0m
[0mGET /socket.io/?EIO=3&transport=websocket [33m404 [0m1.020 ms - 160[0m
[0mGET /socket.io/?EIO=3&transport=websocket [33m404 [0m1.099 ms - 160[0m
[0mGET /socket.io/?EIO=3&transport=websocket [33m404 [0m0.569 ms - 160[0m
[0mGET /socket.io/?EIO=3&transport=websocket [33m404 [0m1.048 ms - 160[0m
[0mGET /socket.io/?EIO=3&transport=websocket [33m404 [0m0.678 ms - 160[0m
[0mGET /socket.io/?EIO=3&transport=websocket [33m404 [0m1.014 ms - 160[0m
[0mGET /socket.io/?EIO=3&transport=websocket [33m404 [0m1.281 ms - 160[0m
[0mGET /socket.io/?EIO=3&transport=websocket [33m404 [0m1.052 ms - 160[0m
[0mGET /socket.io/?EIO=3&transport=websocket [33m404 [0m0.734 ms - 160[0m
[0mGET /socket.io/?EIO=3&transport=websocket [33m404 [0m1.014 ms - 160[0m
[0mGET /socket.io/?EIO=3&transport=websocket [33m404 [0m1.088 ms - 160[0m
[0mGET /socket.io/?EIO=3&transport=websocket [33m404 [0m1.210 ms - 160[0m
[0mGET /socket.io/?EIO=3&transport=websocket [33m404 [0m1.040 ms - 160[0m
[0mGET /socket.io/?EIO=3&transport=websocket [33m404 [0m0.900 ms - 160[0m
[0mGET /socket.io/?EIO=3&transport=websocket [33m404 [0m1.109 ms - 160[0m
[0mGET /socket.io/?EIO=3&transport=websocket [33m404 [0m1.247 ms - 160[0m
[0mGET /socket.io/?EIO=3&transport=websocket [33m404 [0m0.867 ms - 160[0m
[0mGET /socket.io/?EIO=3&transport=websocket [33m404 [0m0.955 ms - 160[0m
[0mGET /socket.io/?EIO=3&transport=websocket [33m404 [0m0.682 ms - 160[0m
[0mGET /socket.io/?EIO=3&transport=websocket [33m404 [0m1.206 ms - 160[0m
[0mGET /socket.io/?EIO=3&transport=websocket [33m404 [0m0.789 ms - 160[0m
[0mGET /socket.io/?EIO=3&transport=websocket [33m404 [0m1.001 ms - 160[0m
[0mGET /socket.io/?EIO=3&transport=websocket [33m404 [0m1.202 ms - 160[0m
[0mGET /socket.io/?EIO=3&transport=websocket [33m404 [0m0.960 ms - 160[0m
[0mGET /socket.io/?EIO=3&transport=websocket [33m404 [0m0.986 ms - 160[0m
[0mGET /socket.io/?EIO=3&transport=websocket [33m404 [0m1.075 ms - 160[0m
[0mGET /socket.io/?EIO=3&transport=websocket [33m404 [0m1.000 ms - 160[0m
[0mGET /socket.io/?EIO=3&transport=websocket [33m404 [0m1.468 ms - 160[0m
[0mGET /socket.io/?EIO=3&transport=websocket [33m404 [0m1.137 ms - 160[0m
[0mGET /socket.io/?EIO=3&transport=websocket [33m404 [0m0.655 ms - 160[0m
[0mGET /socket.io/?EIO=3&transport=websocket [33m404 [0m1.065 ms - 160[0m
[0mGET /socket.io/?EIO=3&transport=websocket [33m404 [0m1.121 ms - 160[0m
[0mGET /socket.io/?EIO=3&transport=websocket [33m404 [0m0.585 ms - 160[0m
[0mGET /socket.io/?EIO=3&transport=websocket [33m404 [0m1.048 ms - 160[0m
[0mGET /socket.io/?EIO=3&transport=websocket [33m404 [0m1.051 ms - 160[0m
[0mGET /socket.io/?EIO=3&transport=websocket [33m404 [0m1.061 ms - 160[0m
[0mGET /socket.io/?EIO=3&transport=websocket [33m404 [0m1.102 ms - 160[0m
[0mGET /socket.io/?EIO=3&transport=websocket [33m404 [0m1.053 ms - 160[0m
[0mGET /socket.io/?EIO=3&transport=websocket [33m404 [0m1.045 ms - 160[0m
[0mGET /socket.io/?EIO=3&transport=websocket [33m404 [0m1.144 ms - 160[0m
[0mGET /socket.io/?EIO=3&transport=websocket [33m404 [0m1.104 ms - 160[0m
[0mGET /socket.io/?EIO=3&transport=websocket [33m404 [0m0.880 ms - 160[0m
[0mGET /socket.io/?EIO=3&transport=websocket [33m404 [0m1.120 ms - 160[0m
[0mGET /socket.io/?EIO=3&transport=websocket [33m404 [0m1.089 ms - 160[0m
[0mGET /socket.io/?EIO=3&transport=websocket [33m404 [0m1.064 ms - 160[0m
[0mGET /socket.io/?EIO=3&transport=websocket [33m404 [0m1.079 ms - 160[0m
[0mGET /socket.io/?EIO=3&transport=websocket [33m404 [0m1.065 ms - 160[0m
[0mGET /socket.io/?EIO=3&transport=websocket [33m404 [0m0.531 ms - 160[0m
[0mGET /socket.io/?EIO=3&transport=websocket [33m404 [0m0.854 ms - 160[0m
[0mGET /socket.io/?EIO=3&transport=websocket [33m404 [0m0.751 ms - 160[0m
[0mGET /socket.io/?EIO=3&transport=websocket [33m404 [0m0.548 ms - 160[0m
[0mGET /socket.io/?EIO=3&transport=websocket [33m404 [0m1.091 ms - 160[0m
[0mGET /socket.io/?EIO=3&transport=websocket [33m404 [0m0.701 ms - 160[0m
[0mGET /socket.io/?EIO=3&transport=websocket [33m404 [0m0.614 ms - 160[0m
[0mGET /socket.io/?EIO=3&transport=websocket [33m404 [0m0.827 ms - 160[0m
[0mPOST /admin/chklogin [32m200 [0m445.988 ms - 76[0m
[0mGET /socket.io/?EIO=3&transport=websocket [33m404 [0m0.627 ms - 160[0m
[0mPOST /admin/tfaLogin [32m200 [0m160.089 ms - 306[0m
[0mGET /admin/settings [36m304 [0m138.548 ms - -[0m
[0mGET /admin/profile/ [36m304 [0m257.574 ms - -[0m
[0mGET /admin/getaccdetails [36m304 [0m1.772 ms - -[0m
[0mGET /admin/profile [36m304 [0m164.810 ms - -[0m
[0mGET /socket.io/?EIO=3&transport=websocket [33m404 [0m1.319 ms - 160[0m
[0mGET /socket.io/?EIO=3&transport=websocket [33m404 [0m0.567 ms - 160[0m
[0mPOST /admin/updateTfa [32m200 [0m400.150 ms - 229[0m
[0mGET /admin/getaccdetails [36m304 [0m0.969 ms - -[0m
[0mGET /admin/blockip [36m304 [0m143.913 ms - -[0m
[0mGET /socket.io/?EIO=3&transport=websocket [33m404 [0m1.118 ms - 160[0m
[0mPOST /admin/chklogin [32m200 [0m456.100 ms - 303[0m
[0mGET /admin/settings [36m304 [0m132.938 ms - -[0m
[0mGET /admin/profile/ [32m200 [0m242.513 ms - 332[0m
[0mGET /socket.io/?EIO=3&transport=websocket [33m404 [0m1.058 ms - 160[0m
[0mGET /socket.io/?EIO=3&transport=websocket [33m404 [0m0.522 ms - 160[0m
[0mGET /socket.io/?EIO=3&transport=websocket [33m404 [0m0.977 ms - 160[0m
[0mGET /admin/check_maintain [32m200 [0m405.206 ms - 13[0m
[0mGET /cms/get_site [32m200 [0m145.343 ms - 502[0m
[0mPOST /cms/post_cms [32m200 [0m231.308 ms - 3099[0m
[0mGET /socket.io/?EIO=3&transport=websocket [33m404 [0m1.075 ms - 160[0m
[0mGET /socket.io/?EIO=3&transport=websocket [33m404 [0m1.076 ms - 160[0m
[0mGET /socket.io/?EIO=3&transport=websocket [33m404 [0m1.225 ms - 160[0m
[0mGET /socket.io/?EIO=3&transport=websocket [33m404 [0m1.918 ms - 160[0m
[0mGET /socket.io/?EIO=3&transport=websocket [33m404 [0m1.143 ms - 160[0m
[0mGET /admin/check_maintain [32m200 [0m417.938 ms - 13[0m
[0mGET /cms/get_site [36m304 [0m149.263 ms - -[0m
[0mPOST /cms/post_cms [32m200 [0m228.261 ms - 3099[0m
[0mGET /socket.io/?EIO=3&transport=websocket [33m404 [0m0.765 ms - 160[0m
[0mGET /socket.io/?EIO=3&transport=websocket [33m404 [0m1.034 ms - 160[0m
[0mGET /socket.io/?EIO=3&transport=websocket [33m404 [0m1.078 ms - 160[0m
[0mGET /admin/getaccdetails [36m304 [0m0.520 ms - -[0m
[0mGET /admin/admin_access [32m200 [0m197.044 ms - 33[0m
[0mGET /pairs/pairs [32m200 [0m239.109 ms - 2547[0m
[0mGET /socket.io/?EIO=3&transport=websocket [33m404 [0m0.606 ms - 160[0m
[0mPOST /admin/loghistory [32m200 [0m201.411 ms - 1393[0m
[0mPOST /admin/loghistory [32m200 [0m272.291 ms - 1393[0m
[0mGET /socket.io/?EIO=3&transport=websocket [33m404 [0m0.518 ms - 160[0m
[0mGET /socket.io/?EIO=3&transport=websocket [33m404 [0m1.025 ms - 160[0m
[0mGET /socket.io/?EIO=3&transport=websocket [33m404 [0m1.041 ms - 160[0m
[0mGET /socket.io/?EIO=3&transport=websocket [33m404 [0m0.987 ms - 160[0m
[0mGET /socket.io/?EIO=3&transport=websocket [33m404 [0m0.630 ms - 160[0m
[0mGET /socket.io/?EIO=3&transport=websocket [33m404 [0m1.081 ms - 160[0m
[0mGET /socket.io/?EIO=3&transport=websocket [33m404 [0m0.559 ms - 160[0m
[0mGET /socket.io/?EIO=3&transport=websocket [33m404 [0m1.003 ms - 160[0m
[0mGET /socket.io/?EIO=3&transport=websocket [33m404 [0m0.554 ms - 160[0m
[0mGET /socket.io/?EIO=3&transport=websocket [33m404 [0m1.011 ms - 160[0m
[0mGET /socket.io/?EIO=3&transport=websocket [33m404 [0m1.020 ms - 160[0m
[0mGET /socket.io/?EIO=3&transport=websocket [33m404 [0m1.047 ms - 160[0m
[0mGET /socket.io/?EIO=3&transport=websocket [33m404 [0m1.051 ms - 160[0m
[0mGET /socket.io/?EIO=3&transport=websocket [33m404 [0m1.052 ms - 160[0m
[0mGET /socket.io/?EIO=3&transport=websocket [33m404 [0m0.562 ms - 160[0m
[0mGET /socket.io/?EIO=3&transport=websocket [33m404 [0m0.516 ms - 160[0m
[0mGET /socket.io/?EIO=3&transport=websocket [33m404 [0m1.234 ms - 160[0m
[0mGET /socket.io/?EIO=3&transport=websocket [33m404 [0m1.047 ms - 160[0m
[0mGET /socket.io/?EIO=3&transport=websocket [33m404 [0m1.057 ms - 160[0m
[0mGET /socket.io/?EIO=3&transport=websocket [33m404 [0m1.119 ms - 160[0m
[0mGET /socket.io/?EIO=3&transport=websocket [33m404 [0m1.011 ms - 160[0m
[0mGET /socket.io/?EIO=3&transport=websocket [33m404 [0m0.976 ms - 160[0m
[0mGET /socket.io/?EIO=3&transport=websocket [33m404 [0m1.346 ms - 160[0m
[0mGET /admin/blockip [36m304 [0m191.013 ms - -[0m
[0mGET /admin/settings [36m304 [0m181.852 ms - -[0m
[0mGET /admin/settings [36m304 [0m84.125 ms - -[0m
[0mGET /admin/profile/ [36m304 [0m201.441 ms - -[0m
NODE_ENV--> production
HTTP Server running on port1 8880
Mongoose default connection successfully connected mongodb://192.168.1.75:16879/JHdfrTCSErytcsERSCErtcsdry
connection successful
[0mGET /admin/getaccdetails [36m304 [0m5.301 ms - -[0m
[0mGET /admin/blockip [36m304 [0m162.880 ms - -[0m
[0mGET /admin/getaccdetails [36m304 [0m1.075 ms - -[0m
[0mGET /admin/blockip [36m304 [0m102.357 ms - -[0m
[0mGET /admin/settings [36m304 [0m225.772 ms - -[0m
[0mGET /admin/blockip [36m304 [0m199.033 ms - -[0m
[0mPOST /admin/chklogin [32m200 [0m549.406 ms - 303[0m
[0mGET /admin/profile/ [36m304 [0m115.806 ms - -[0m
[0mGET /admin/settings [36m304 [0m123.762 ms - -[0m
[0mGET /admin/adminDashboard [32m200 [0m312.843 ms - 122[0m
[0mGET /admin/blockip [36m304 [0m89.040 ms - -[0m
[0mGET /admin/settings [36m304 [0m196.121 ms - -[0m
[0mGET /admin/settings [36m304 [0m104.431 ms - -[0m
[0mGET /admin/profile/ [36m304 [0m175.465 ms - -[0m
[0mGET /admin/adminDashboard [36m304 [0m241.234 ms - -[0m
[0mGET /admin/getaccdetails [36m304 [0m1.804 ms - -[0m
[0mPOST /admin/bridgehistory [32m200 [0m346.559 ms - 1176[0m
[0mGET /admin/getaccdetails [36m304 [0m0.703 ms - -[0m
[0mPOST /admin/stakehistory [32m200 [0m363.627 ms - 3136[0m
[0mGET /admin/adminDashboard [32m200 [0m268.161 ms - 3135[0m
[0mPOST /admin/loghistory [32m200 [0m183.493 ms - 1468[0m
NODE_ENV--> production
HTTP Server running on port1 8880
Mongoose default connection successfully connected mongodb://192.168.1.75:16879/JHdfrTCSErytcsERSCErtcsdry
connection successful
[0mGET /admin/blockip [36m304 [0m181.387 ms - -[0m
[0mGET /admin/settings [36m304 [0m273.104 ms - -[0m
[0mGET /admin/settings [36m304 [0m146.808 ms - -[0m
[0mGET /admin/profile/ [36m304 [0m228.149 ms - -[0m
[0mPOST /admin/loghistory [32m200 [0m283.827 ms - 1361[0m
[0mGET /admin/blockip [36m304 [0m165.981 ms - -[0m
[0mGET /admin/settings [36m304 [0m262.815 ms - -[0m
[0mGET /admin/settings [36m304 [0m195.357 ms - -[0m
[0mPOST /admin/loghistory [32m200 [0m282.969 ms - 1361[0m
[0mGET /admin/profile/ [36m304 [0m292.696 ms - -[0m
[0mGET /admin/adminDashboard [32m200 [0m600.588 ms - 1484[0m
[0mGET /admin/blockip [36m304 [0m104.120 ms - -[0m
[0mGET /admin/settings [36m304 [0m189.587 ms - -[0m
[0mGET /admin/settings [36m304 [0m101.157 ms - -[0m
[0mGET /admin/profile/ [36m304 [0m122.794 ms - -[0m
[0mGET /admin/adminDashboard [36m304 [0m275.698 ms - -[0m
[0mPOST /users/userlist [33m404 [0m163.619 ms - 160[0m
[0mGET /admin/admin_access [32m200 [0m195.898 ms - 33[0m
[0mGET /socket.io/?EIO=3&transport=websocket [33m404 [0m2.008 ms - 160[0m
[0mGET /socket.io/?EIO=3&transport=websocket [33m404 [0m0.645 ms - 160[0m
[0mGET /socket.io/?EIO=3&transport=websocket [33m404 [0m1.085 ms - 160[0m
[0mGET /socket.io/?EIO=3&transport=websocket [33m404 [0m0.689 ms - 160[0m
[0mGET /socket.io/?EIO=3&transport=websocket [33m404 [0m1.524 ms - 160[0m
[0mGET /socket.io/?EIO=3&transport=websocket [33m404 [0m1.526 ms - 160[0m
[0mGET /socket.io/?EIO=3&transport=websocket [33m404 [0m1.192 ms - 160[0m
[0mGET /socket.io/?EIO=3&transport=websocket [33m404 [0m1.274 ms - 160[0m
[0mGET /socket.io/?EIO=3&transport=websocket [33m404 [0m2.818 ms - 160[0m
[0mGET /socket.io/?EIO=3&transport=websocket [33m404 [0m1.139 ms - 160[0m
[0mGET /socket.io/?EIO=3&transport=websocket [33m404 [0m1.113 ms - 160[0m
[0mGET /socket.io/?EIO=3&transport=websocket [33m404 [0m0.613 ms - 160[0m
[0mGET /socket.io/?EIO=3&transport=websocket [33m404 [0m1.261 ms - 160[0m
[0mGET /socket.io/?EIO=3&transport=websocket [33m404 [0m1.049 ms - 160[0m
[0mGET /socket.io/?EIO=3&transport=websocket [33m404 [0m1.229 ms - 160[0m
[0mGET /socket.io/?EIO=3&transport=websocket [33m404 [0m1.108 ms - 160[0m
[0mGET /socket.io/?EIO=3&transport=websocket [33m404 [0m1.109 ms - 160[0m
[0mGET /socket.io/?EIO=3&transport=websocket [33m404 [0m0.769 ms - 160[0m
[0mGET /socket.io/?EIO=3&transport=websocket [33m404 [0m0.973 ms - 160[0m
[0mGET /socket.io/?EIO=3&transport=websocket [33m404 [0m1.279 ms - 160[0m
[0mGET /socket.io/?EIO=3&transport=websocket [33m404 [0m0.749 ms - 160[0m
[0mGET /socket.io/?EIO=3&transport=websocket [33m404 [0m1.052 ms - 160[0m
[0mGET /socket.io/?EIO=3&transport=websocket [33m404 [0m1.076 ms - 160[0m
[0mGET /socket.io/?EIO=3&transport=websocket [33m404 [0m1.223 ms - 160[0m
[0mGET /socket.io/?EIO=3&transport=websocket [33m404 [0m1.049 ms - 160[0m
NODE_ENV--> production
HTTP Server running on port1 8880
Mongoose default connection successfully connected mongodb://192.168.1.75:16879/JHdfrTCSErytcsERSCErtcsdry
connection successful
[0mGET /socket.io/?EIO=3&transport=websocket [33m404 [0m154.413 ms - 160[0m
[0mGET /socket.io/?EIO=3&transport=websocket [33m404 [0m1.217 ms - 160[0m
[0mGET /socket.io/?EIO=3&transport=websocket [33m404 [0m1.933 ms - 160[0m
[0mGET /socket.io/?EIO=3&transport=websocket [33m404 [0m0.656 ms - 160[0m
[0mGET /socket.io/?EIO=3&transport=websocket [33m404 [0m1.252 ms - 160[0m
[0mGET /socket.io/?EIO=3&transport=websocket [33m404 [0m0.615 ms - 160[0m
[0mGET /socket.io/?EIO=3&transport=websocket [33m404 [0m1.414 ms - 160[0m
[0mGET /socket.io/?EIO=3&transport=websocket [33m404 [0m1.330 ms - 160[0m
[0mGET /socket.io/?EIO=3&transport=websocket [33m404 [0m1.567 ms - 160[0m
[0mGET /socket.io/?EIO=3&transport=websocket [33m404 [0m1.167 ms - 160[0m
[0mGET /socket.io/?EIO=3&transport=websocket [33m404 [0m1.228 ms - 160[0m
[0mGET /socket.io/?EIO=3&transport=websocket [33m404 [0m1.186 ms - 160[0m
[0mGET /socket.io/?EIO=3&transport=websocket [33m404 [0m1.157 ms - 160[0m
[0mGET /socket.io/?EIO=3&transport=websocket [33m404 [0m1.324 ms - 160[0m
[0mGET /socket.io/?EIO=3&transport=websocket [33m404 [0m1.363 ms - 160[0m
[0mGET /socket.io/?EIO=3&transport=websocket [33m404 [0m1.359 ms - 160[0m
[0mGET /socket.io/?EIO=3&transport=websocket [33m404 [0m1.236 ms - 160[0m
[0mGET /socket.io/?EIO=3&transport=websocket [33m404 [0m0.596 ms - 160[0m
[0mGET /socket.io/?EIO=3&transport=websocket [33m404 [0m0.774 ms - 160[0m
[0mGET /socket.io/?EIO=3&transport=websocket [33m404 [0m1.042 ms - 160[0m
[0mGET /socket.io/?EIO=3&transport=websocket [33m404 [0m0.674 ms - 160[0m
[0mGET /socket.io/?EIO=3&transport=websocket [33m404 [0m0.779 ms - 160[0m
[0mGET /socket.io/?EIO=3&transport=websocket [33m404 [0m0.610 ms - 160[0m
[0mGET /socket.io/?EIO=3&transport=websocket [33m404 [0m1.099 ms - 160[0m
[0mGET /socket.io/?EIO=3&transport=websocket [33m404 [0m1.115 ms - 160[0m
[0mGET /socket.io/?EIO=3&transport=websocket [33m404 [0m1.182 ms - 160[0m
[0mGET /admin/blockip [36m304 [0m242.129 ms - -[0m
[0mGET /admin/settings [36m304 [0m334.826 ms - -[0m
[0mPOST /users/userlist [33m404 [0m7.525 ms - 160[0m
[0mGET /admin/admin_access [32m200 [0m150.819 ms - 33[0m
[0mGET /admin/settings [36m304 [0m254.185 ms - -[0m
[0mGET /admin/profile/ [36m304 [0m363.060 ms - -[0m
[0mGET /socket.io/?EIO=3&transport=websocket [33m404 [0m1.562 ms - 160[0m
[0mGET /socket.io/?EIO=3&transport=websocket [33m404 [0m1.143 ms - 160[0m
[0mGET /socket.io/?EIO=3&transport=websocket [33m404 [0m0.593 ms - 160[0m
[0mGET /socket.io/?EIO=3&transport=websocket [33m404 [0m0.609 ms - 160[0m
[0mGET /socket.io/?EIO=3&transport=websocket [33m404 [0m0.589 ms - 160[0m
[0mGET /socket.io/?EIO=3&transport=websocket [33m404 [0m0.943 ms - 160[0m
[0mGET /admin/settings [36m304 [0m1161.152 ms - -[0m
[0mGET /admin/blockip [36m304 [0m1172.314 ms - -[0m
[0mPOST /users/userlist [33m404 [0m1.011 ms - 160[0m
[0mGET /admin/admin_access [32m200 [0m1375.610 ms - 33[0m
[0mGET /admin/settings [36m304 [0m1348.201 ms - -[0m
[0mGET /admin/profile/ [36m304 [0m1858.635 ms - -[0m
[0mGET /admin/blockip [36m304 [0m358.754 ms - -[0m
[0mGET /admin/settings [36m304 [0m357.608 ms - -[0m
[0mGET /admin/admin_access [32m200 [0m145.292 ms - 33[0m
[0mGET /admin/profile/ [36m304 [0m119.372 ms - -[0m
[0mGET /admin/settings [36m304 [0m274.576 ms - -[0m
[0mPOST /admin/userlist [32m200 [0m398.634 ms - 1930[0m
[0mGET /admin/settings [36m304 [0m190.249 ms - -[0m
[0mGET /admin/blockip [36m304 [0m293.829 ms - -[0m
[0mGET /admin/profile/ [36m304 [0m179.041 ms - -[0m
[0mGET /admin/admin_access [32m200 [0m199.490 ms - 33[0m
[0mGET /admin/settings [36m304 [0m238.577 ms - -[0m
[0mPOST /admin/userlist [32m200 [0m391.396 ms - 1930[0m
NODE_ENV--> production
HTTP Server running on port1 8880
Mongoose default connection successfully connected mongodb://192.168.1.75:16879/JHdfrTCSErytcsERSCErtcsdry
connection successful
[0mGET /admin/blockip [36m304 [0m240.840 ms - -[0m
[0mGET /admin/settings [36m304 [0m437.986 ms - -[0m
[0mGET /admin/settings [36m304 [0m135.021 ms - -[0m
[0mGET /admin/profile/ [36m304 [0m243.384 ms - -[0m
[0mGET /admin/admin_access [32m200 [0m272.396 ms - 33[0m
[0mPOST /admin/userlist [32m200 [0m300.483 ms - 2330[0m
[0mGET /admin/blockip [36m304 [0m227.256 ms - -[0m
[0mGET /admin/settings [36m304 [0m699.462 ms - -[0m
[0mGET /admin/admin_access [32m200 [0m180.094 ms - 33[0m
[0mGET /admin/profile/ [36m304 [0m448.371 ms - -[0m
[0mPOST /admin/userlist [32m200 [0m968.092 ms - 2330[0m
[0mGET /admin/settings [36m304 [0m981.868 ms - -[0m
[0mGET /admin/blockip [36m304 [0m246.903 ms - -[0m
[0mGET /admin/settings [36m304 [0m364.543 ms - -[0m
[0mGET /admin/admin_access [32m200 [0m100.614 ms - 33[0m
[0mGET /admin/settings [36m304 [0m185.597 ms - -[0m
[0mGET /admin/profile/ [36m304 [0m195.845 ms - -[0m
[0mPOST /admin/userlist [32m200 [0m231.239 ms - 2330[0m
[0mGET /admin/blockip [36m304 [0m197.412 ms - -[0m
[0mGET /admin/settings [36m304 [0m344.194 ms - -[0m
[0mGET /admin/admin_access [32m200 [0m136.678 ms - 33[0m
[0mGET /admin/settings [36m304 [0m120.776 ms - -[0m
[0mGET /admin/profile/ [36m304 [0m198.829 ms - -[0m
[0mPOST /admin/userlist [32m200 [0m205.062 ms - 2330[0m
[0mGET /admin/blockip [36m304 [0m146.187 ms - -[0m
[0mGET /admin/settings [36m304 [0m223.655 ms - -[0m
[0mGET /admin/admin_access [32m200 [0m116.383 ms - 33[0m
[0mGET /admin/settings [36m304 [0m163.314 ms - -[0m
[0mGET /admin/profile/ [36m304 [0m145.577 ms - -[0m
[0mPOST /admin/userlist [32m200 [0m216.239 ms - 2330[0m
[0mGET /admin/blockip [36m304 [0m208.318 ms - -[0m
[0mGET /admin/settings [36m304 [0m401.015 ms - -[0m
[0mGET /admin/admin_access [32m200 [0m127.882 ms - 33[0m
[0mGET /admin/settings [36m304 [0m107.388 ms - -[0m
[0mGET /admin/profile/ [36m304 [0m102.952 ms - -[0m
[0mPOST /admin/userlist [32m200 [0m278.959 ms - 2330[0m
[0mGET /admin/adminDashboard [32m200 [0m294.948 ms - 2437[0m
[0mGET /admin/settings [36m304 [0m133.353 ms - -[0m
[0mGET /admin/blockip [36m304 [0m278.853 ms - -[0m
[0mGET /admin/profile/ [36m304 [0m111.040 ms - -[0m
[0mGET /admin/settings [36m304 [0m116.562 ms - -[0m
[0mGET /admin/adminDashboard [36m304 [0m407.624 ms - -[0m
[0mGET /admin/blockip [36m304 [0m147.841 ms - -[0m
[0mGET /admin/settings [36m304 [0m601.635 ms - -[0m
[0mGET /admin/profile/ [36m304 [0m306.413 ms - -[0m
[0mGET /admin/settings [36m304 [0m691.951 ms - -[0m
[0mGET /admin/adminDashboard [36m304 [0m1528.381 ms - -[0m
[0mGET /admin/blockip [36m304 [0m231.468 ms - -[0m
[0mGET /admin/settings [36m304 [0m488.947 ms - -[0m
[0mGET /admin/profile/ [36m304 [0m104.604 ms - -[0m
[0mGET /admin/settings [36m304 [0m113.244 ms - -[0m
[0mGET /admin/adminDashboard [36m304 [0m268.041 ms - -[0m
[0mGET /admin/blockip [36m304 [0m93.609 ms - -[0m
[0mGET /admin/settings [36m304 [0m210.709 ms - -[0m
[0mGET /admin/settings [36m304 [0m228.084 ms - -[0m
[0mGET /admin/profile/ [36m304 [0m245.862 ms - -[0m
[0mGET /admin/adminDashboard [36m304 [0m300.070 ms - -[0m
[0mGET /admin/blockip [36m304 [0m142.891 ms - -[0m
[0mGET /admin/settings [36m304 [0m234.850 ms - -[0m
[0mGET /admin/settings [36m304 [0m137.773 ms - -[0m
[0mGET /admin/profile/ [36m304 [0m146.360 ms - -[0m
[0mGET /admin/adminDashboard [36m304 [0m293.662 ms - -[0m
[0mGET /admin/blockip [36m304 [0m133.756 ms - -[0m
[0mGET /admin/settings [36m304 [0m248.644 ms - -[0m
[0mGET /admin/settings [36m304 [0m116.246 ms - -[0m
[0mGET /admin/profile/ [36m304 [0m128.205 ms - -[0m
[0mGET /admin/adminDashboard [36m304 [0m219.645 ms - -[0m
[0mGET /admin/blockip [36m304 [0m175.589 ms - -[0m
[0mGET /admin/settings [36m304 [0m252.841 ms - -[0m
[0mGET /admin/settings [36m304 [0m146.348 ms - -[0m
[0mGET /admin/profile/ [36m304 [0m163.893 ms - -[0m
[0mGET /admin/adminDashboard [36m304 [0m228.481 ms - -[0m
[0mGET /admin/blockip [36m304 [0m186.402 ms - -[0m
[0mGET /admin/settings [36m304 [0m295.053 ms - -[0m
[0mGET /admin/settings [36m304 [0m106.958 ms - -[0m
[0mGET /admin/profile/ [36m304 [0m168.123 ms - -[0m
[0mGET /admin/adminDashboard [36m304 [0m217.583 ms - -[0m
[0mGET /admin/blockip [36m304 [0m301.007 ms - -[0m
[0mGET /admin/settings [36m304 [0m296.381 ms - -[0m
[0mGET /admin/settings [36m304 [0m205.280 ms - -[0m
[0mGET /admin/profile/ [36m304 [0m213.606 ms - -[0m
[0mGET /admin/adminDashboard [36m304 [0m357.416 ms - -[0m
[0mGET /admin/blockip [36m304 [0m136.573 ms - -[0m
[0mGET /admin/settings [36m304 [0m291.208 ms - -[0m
[0mGET /admin/settings [36m304 [0m169.267 ms - -[0m
[0mGET /admin/profile/ [36m304 [0m187.668 ms - -[0m
[0mGET /admin/adminDashboard [36m304 [0m323.670 ms - -[0m
[0mGET /admin/blockip [36m304 [0m121.019 ms - -[0m
[0mGET /admin/settings [36m304 [0m280.969 ms - -[0m
[0mGET /admin/settings [36m304 [0m129.772 ms - -[0m
[0mGET /admin/profile/ [36m304 [0m146.286 ms - -[0m
[0mGET /admin/adminDashboard [36m304 [0m232.258 ms - -[0m
[0mGET /admin/settings [36m304 [0m153.076 ms - -[0m
[0mGET /admin/blockip [36m304 [0m285.286 ms - -[0m
[0mGET /admin/settings [36m304 [0m101.774 ms - -[0m
[0mGET /admin/profile/ [36m304 [0m101.701 ms - -[0m
[0mGET /admin/adminDashboard [36m304 [0m196.489 ms - -[0m
[0mGET /admin/blockip [36m304 [0m138.475 ms - -[0m
[0mGET /admin/settings [36m304 [0m201.615 ms - -[0m
[0mGET /admin/profile/ [36m304 [0m107.445 ms - -[0m
[0mGET /admin/settings [36m304 [0m114.821 ms - -[0m
[0mGET /admin/adminDashboard [36m304 [0m425.852 ms - -[0m
[0mGET /admin/blockip [36m304 [0m107.761 ms - -[0m
[0mGET /admin/settings [36m304 [0m198.822 ms - -[0m
[0mGET /admin/profile/ [36m304 [0m284.929 ms - -[0m
[0mGET /admin/settings [36m304 [0m356.540 ms - -[0m
[0mGET /admin/adminDashboard [36m304 [0m424.737 ms - -[0m
[0mGET /admin/blockip [36m304 [0m128.939 ms - -[0m
[0mGET /admin/settings [36m304 [0m248.227 ms - -[0m
[0mGET /admin/settings [36m304 [0m131.043 ms - -[0m
[0mGET /admin/profile/ [36m304 [0m192.259 ms - -[0m
[0mGET /admin/adminDashboard [36m304 [0m309.350 ms - -[0m
[0mGET /admin/blockip [36m304 [0m117.707 ms - -[0m
[0mGET /admin/settings [36m304 [0m200.454 ms - -[0m
[0mGET /admin/settings [36m304 [0m1303.720 ms - -[0m
[0mGET /admin/profile/ [36m304 [0m1305.602 ms - -[0m
[0mGET /admin/adminDashboard [36m304 [0m1499.011 ms - -[0m
NODE_ENV--> production
HTTP Server running on port1 8880
Mongoose default connection successfully connected mongodb://192.168.1.75:16879/JHdfrTCSErytcsERSCErtcsdry
connection successful
Mongoose default connection successfully connected mongodb://192.168.1.75:16879/JHdfrTCSErytcsERSCErtcsdry
connection successful
Mongoose default connection successfully connected mongodb://192.168.1.75:16879/JHdfrTCSErytcsERSCErtcsdry
connection successful
[0mGET /admin/blockip [36m304 [0m119.336 ms - -[0m
[0mGET /admin/settings [36m304 [0m283.938 ms - -[0m
[0mGET /admin/profile/ [33m401 [0m3.088 ms - 20[0m
[0mGET /admin/adminDashboard [33m401 [0m0.931 ms - 20[0m
[0mGET /admin/settings [36m304 [0m256.611 ms - -[0m
[0mGET /admin/getaccdetails [36m304 [0m2.397 ms - -[0m
[0mGET /admin/blockip [36m304 [0m141.214 ms - -[0m
[0mGET /admin/check_maintain [32m200 [0m326.279 ms - 13[0m
[0mPOST /cms/post_cms [32m200 [0m346.844 ms - 3099[0m
[0mGET /cms/get_site [32m200 [0m159.826 ms - 502[0m
[0mGET / [32m200 [0m2668.552 ms - 170[0m
[0mGET /stylesheets/style.css [32m200 [0m43.866 ms - 111[0m
[0mGET /favicon.ico [33m404 [0m17.453 ms - 160[0m
[0mGET / [36m304 [0m1.548 ms - -[0m
[0mGET /stylesheets/style.css [36m304 [0m1.336 ms - -[0m
[0mGET /admin/check_maintain [32m200 [0m540.687 ms - 13[0m
[0mGET /cms/get_site [36m304 [0m174.093 ms - -[0m
[0mPOST /cms/post_cms [32m200 [0m249.096 ms - 3099[0m
[0mGET /admin/check_maintain [32m200 [0m541.355 ms - 13[0m
[0mPOST /cms/post_cms [32m200 [0m199.540 ms - 3099[0m
[0mGET /cms/get_site [36m304 [0m200.743 ms - -[0m
[0mGET /cms/get_site [36m304 [0m262.766 ms - -[0m
[0mGET /cms/get_site [36m304 [0m140.901 ms - -[0m
[0mPOST /cms/post_cms [32m200 [0m280.332 ms - 3099[0m
[0mGET /cms/get_site [36m304 [0m258.645 ms - -[0m
[0mGET /admin/check_maintain [32m200 [0m531.179 ms - 13[0m
[0mGET /cms/get_site [36m304 [0m169.995 ms - -[0m
[0mPOST /cms/post_cms [32m200 [0m282.790 ms - 3099[0m
[0mGET /admin/check_maintain [32m200 [0m275.714 ms - 13[0m
[0mGET /cms/get_site [36m304 [0m133.841 ms - -[0m
[0mPOST /cms/post_cms [32m200 [0m240.104 ms - 3099[0m
[0mGET /admin/blockip [32m200 [0m145.826 ms - 38[0m
[0mGET /admin/settings [32m200 [0m273.586 ms - 502[0m
[0mGET /admin/profile/ [33m401 [0m1.509 ms - 20[0m
[0mGET /admin/adminDashboard [33m401 [0m0.923 ms - 20[0m
[0mGET /admin/settings [36m304 [0m202.022 ms - -[0m
[0mGET /admin/check_maintain [32m200 [0m342.895 ms - 13[0m
[0mPOST /cms/post_cms [32m200 [0m132.866 ms - 3099[0m
[0mGET /cms/get_site [36m304 [0m213.557 ms - -[0m
[0mGET /admin/blockip [36m304 [0m212.818 ms - -[0m
[0mGET /admin/settings [36m304 [0m289.405 ms - -[0m
[0mGET /admin/settings [36m304 [0m131.053 ms - -[0m
[0mGET /admin/profile/ [32m200 [0m127.062 ms - 332[0m
[0mGET /admin/adminDashboard [32m200 [0m300.390 ms - 138[0m
[0mGET /admin/getaccdetails [32m200 [0m1.484 ms - 27[0m
[0mPOST /admin/bridgehistory [32m200 [0m252.842 ms - 1192[0m
[0mGET /admin/getaccdetails [36m304 [0m0.651 ms - -[0m
[0mPOST /admin/stakehistory [32m200 [0m371.257 ms - 3152[0m
[0mGET /admin/getaccdetails [36m304 [0m0.818 ms - -[0m
[0mPOST /admin/bridgehistory [32m200 [0m329.582 ms - 1193[0m
[0mGET /admin/getaccdetails [36m304 [0m1.652 ms - -[0m
[0mPOST /admin/stakehistory [32m200 [0m266.717 ms - 3152[0m
[0mGET /admin/getaccdetails [36m304 [0m1.592 ms - -[0m
[0mGET /admin/admin_access [32m200 [0m130.536 ms - 33[0m
[0mGET /admin/settings [36m304 [0m245.721 ms - -[0m
[0mGET /admin/getaccdetails [36m304 [0m3.955 ms - -[0m
[0mPOST /admin/stakehistory [32m200 [0m461.964 ms - 3152[0m
[0mGET /admin/getaccdetails [36m304 [0m0.925 ms - -[0m
[0mPOST /admin/bridgehistory [32m200 [0m675.066 ms - 1193[0m
[0mGET /admin/adminDashboard [32m200 [0m761.467 ms - 1192[0m
[0mGET /admin/getaccdetails [36m304 [0m8.002 ms - -[0m
[0mPOST /admin/stakehistory [32m200 [0m283.306 ms - 3152[0m
[0mGET /admin/getaccdetails [36m304 [0m0.536 ms - -[0m
[0mGET /admin/admin_access [32m200 [0m235.343 ms - 33[0m
[0mGET /pairs/pairs [32m200 [0m366.478 ms - 2547[0m
[0mGET /admin/getaccdetails [36m304 [0m0.622 ms - -[0m
[0mPOST /admin/bridgehistory [32m200 [0m334.683 ms - 1193[0m
[0mGET /admin/getaccdetails [36m304 [0m0.623 ms - -[0m
[0mGET /admin/admin_access [32m200 [0m170.677 ms - 33[0m
[0mGET /admin/getblockip [32m200 [0m233.642 ms - 25[0m
[0mGET /admin/settings [36m304 [0m261.708 ms - -[0m
[0mGET /admin/blockip [36m304 [0m268.557 ms - -[0m
[0mGET /admin/getaccdetails [36m304 [0m1.477 ms - -[0m
[0mGET /admin/admin_access [32m200 [0m139.207 ms - 33[0m
[0mGET /admin/profile/ [36m304 [0m205.545 ms - -[0m
[0mGET /admin/settings [36m304 [0m212.749 ms - -[0m
[0mGET /admin/getblockip [36m304 [0m127.867 ms - -[0m
[0mGET /admin/adminDashboard [36m304 [0m287.555 ms - -[0m
[0mGET /admin/getaccdetails [36m304 [0m0.588 ms - -[0m
[0mPOST /admin/stakehistory [32m200 [0m379.842 ms - 3152[0m
[0mGET /admin/adminDashboard [32m200 [0m262.427 ms - 3151[0m
[0mGET /admin/settings [36m304 [0m241.192 ms - -[0m
[0mGET /admin/blockip [36m304 [0m342.466 ms - -[0m
[0mGET /admin/settings [36m304 [0m98.277 ms - -[0m
[0mGET /admin/profile/ [36m304 [0m94.776 ms - -[0m
[0mGET /admin/adminDashboard [36m304 [0m208.037 ms - -[0m
[0mGET /admin/settings [36m304 [0m156.453 ms - -[0m
[0mGET /admin/blockip [36m304 [0m220.313 ms - -[0m
[0mGET /admin/settings [36m304 [0m112.858 ms - -[0m
[0mGET /admin/profile/ [36m304 [0m120.506 ms - -[0m
[0mGET /admin/adminDashboard [36m304 [0m163.036 ms - -[0m
[0mGET /admin/blockip [36m304 [0m82.162 ms - -[0m
[0mGET /admin/settings [36m304 [0m150.943 ms - -[0m
[0mGET /admin/settings [36m304 [0m129.404 ms - -[0m
[0mGET /admin/profile/ [36m304 [0m121.925 ms - -[0m
[0mGET /admin/adminDashboard [36m304 [0m213.112 ms - -[0m
[0mGET /admin/blockip [36m304 [0m232.001 ms - -[0m
[0mGET /admin/settings [36m304 [0m358.300 ms - -[0m
[0mGET /admin/profile/ [36m304 [0m114.366 ms - -[0m
[0mGET /admin/adminDashboard [36m304 [0m249.229 ms - -[0m
[0mGET /admin/settings [36m304 [0m287.760 ms - -[0m
[0mGET /admin/check_maintain [32m200 [0m366.984 ms - 13[0m
[0mGET /cms/get_site [36m304 [0m111.132 ms - -[0m
[0mPOST /cms/post_cms [32m200 [0m174.345 ms - 3099[0m
[0mGET /admin/blockip [36m304 [0m454.705 ms - -[0m
[0mGET /admin/profile/ [36m304 [0m124.697 ms - -[0m
[0mGET /admin/settings [36m304 [0m495.365 ms - -[0m
[0mGET /admin/adminDashboard [36m304 [0m214.006 ms - -[0m
[0mGET /admin/settings [36m304 [0m187.579 ms - -[0m
[0mGET /admin/getaccdetails [36m304 [0m0.857 ms - -[0m
[0mPOST /admin/stakehistory [32m200 [0m299.102 ms - 3152[0m
[0mGET /admin/adminDashboard [36m304 [0m223.978 ms - -[0m
[0mGET /admin/getaccdetails [36m304 [0m0.841 ms - -[0m
[0mGET /admin/blockip [36m304 [0m156.616 ms - -[0m
[0mGET /admin/check_maintain [32m200 [0m312.977 ms - 13[0m
[0mGET /cms/get_site [36m304 [0m182.599 ms - -[0m
[0mPOST /cms/post_cms [32m200 [0m262.699 ms - 3099[0m
[0mGET /cms/get_site [36m304 [0m234.094 ms - -[0m
[0mGET /cms/get_site [36m304 [0m168.249 ms - -[0m
[0mPOST /cms/post_cms [32m200 [0m326.692 ms - 3099[0m
[0mGET /cms/get_site [36m304 [0m212.333 ms - -[0m
[0mPOST /cms/post_cms [32m200 [0m189.177 ms - 3099[0m
[0mGET /cms/get_site [36m304 [0m300.712 ms - -[0m
[0mGET /cms/get_site [36m304 [0m132.359 ms - -[0m
[0mPOST /cms/post_cms [32m200 [0m192.058 ms - 3099[0m
[0mGET /cms/get_site [36m304 [0m271.093 ms - -[0m
[0mGET /admin/settings [36m304 [0m597.769 ms - -[0m
[0mGET /admin/blockip [36m304 [0m743.502 ms - -[0m
[0mGET /admin/blockip [36m304 [0m155.736 ms - -[0m
[0mGET /admin/getaccdetails [36m304 [0m0.526 ms - -[0m
[0mPOST /admin/chklogin [32m200 [0m657.857 ms - 303[0m
[0mGET /admin/settings [36m304 [0m160.197 ms - -[0m
[0mGET /admin/adminDashboard [36m304 [0m619.703 ms - -[0m
[0mGET /admin/profile/ [36m304 [0m560.953 ms - -[0m
[0mGET /admin/getaccdetails [36m304 [0m0.556 ms - -[0m
[0mPOST /admin/stakehistory [32m200 [0m299.668 ms - 3152[0m
[0mGET /admin/check_maintain [32m200 [0m414.463 ms - 13[0m
[0mGET /cms/get_site [36m304 [0m193.508 ms - -[0m
[0mPOST /cms/post_cms [32m200 [0m291.172 ms - 3099[0m
[0mGET /admin/check_maintain [32m200 [0m291.135 ms - 13[0m
[0mGET /cms/get_site [36m304 [0m149.103 ms - -[0m
[0mPOST /cms/post_cms [32m200 [0m262.506 ms - 3099[0m
[0mGET /admin/check_maintain [32m200 [0m410.253 ms - 13[0m
[0mGET /cms/get_site [36m304 [0m112.391 ms - -[0m
[0mPOST /cms/post_cms [32m200 [0m151.120 ms - 3099[0m
[0mGET /admin/check_maintain [32m200 [0m482.387 ms - 13[0m
[0mPOST /cms/post_cms [32m200 [0m147.842 ms - 3099[0m
[0mGET /cms/get_site [36m304 [0m148.066 ms - -[0m
[0mGET /admin/check_maintain [32m200 [0m870.879 ms - 13[0m
[0mGET /cms/get_site [36m304 [0m121.335 ms - -[0m
[0mPOST /cms/post_cms [32m200 [0m219.165 ms - 3099[0m
[0mGET /admin/check_maintain [32m200 [0m464.517 ms - 13[0m
[0mGET /cms/get_site [36m304 [0m175.161 ms - -[0m
[0mPOST /cms/post_cms [32m200 [0m305.700 ms - 3099[0m
[0mGET /admin/check_maintain [32m200 [0m536.487 ms - 13[0m
[0mGET /cms/get_site [36m304 [0m175.671 ms - -[0m
[0mPOST /cms/post_cms [32m200 [0m227.463 ms - 3099[0m
[0mGET /admin/check_maintain [32m200 [0m666.719 ms - 13[0m
[0mPOST /cms/post_cms [32m200 [0m260.899 ms - 3099[0m
[0mGET /cms/get_site [36m304 [0m260.691 ms - -[0m
[0mGET /admin/check_maintain [32m200 [0m336.851 ms - 13[0m
[0mPOST /cms/post_cms [32m200 [0m188.317 ms - 3099[0m
[0mGET /cms/get_site [36m304 [0m188.049 ms - -[0m
[0mGET /admin/check_maintain [32m200 [0m437.608 ms - 13[0m
[0mPOST /cms/post_cms [32m200 [0m450.166 ms - 3099[0m
[0mGET /cms/get_site [36m304 [0m552.234 ms - -[0m
[0mGET /admin/check_maintain [32m200 [0m325.029 ms - 13[0m
[0mGET /cms/get_site [36m304 [0m147.624 ms - -[0m
[0mPOST /cms/post_cms [32m200 [0m241.512 ms - 3099[0m
[0mGET /admin/check_maintain [32m200 [0m578.334 ms - 13[0m
[0mGET /cms/get_site [36m304 [0m511.492 ms - -[0m
[0mPOST /cms/post_cms [32m200 [0m610.799 ms - 3099[0m
[0mGET /admin/check_maintain [32m200 [0m517.154 ms - 13[0m
[0mGET /cms/get_site [36m304 [0m304.494 ms - -[0m
[0mPOST /cms/post_cms [32m200 [0m410.903 ms - 3099[0m
[0mGET /admin/check_maintain [32m200 [0m543.614 ms - 13[0m
[0mGET /cms/get_site [36m304 [0m321.056 ms - -[0m
[0mPOST /cms/post_cms [32m200 [0m390.867 ms - 3099[0m
[0mGET /admin/check_maintain [32m200 [0m346.613 ms - 13[0m
[0mGET /cms/get_site [36m304 [0m192.095 ms - -[0m
[0mPOST /cms/post_cms [32m200 [0m267.176 ms - 3099[0m
[0mGET /admin/check_maintain [32m200 [0m325.096 ms - 13[0m
[0mGET /cms/get_site [36m304 [0m155.459 ms - -[0m
[0mPOST /cms/post_cms [32m200 [0m241.424 ms - 3099[0m
[0mGET /admin/check_maintain [32m200 [0m349.951 ms - 13[0m
[0mGET /cms/get_site [36m304 [0m113.518 ms - -[0m
[0mPOST /cms/post_cms [32m200 [0m154.850 ms - 3099[0m
[0mGET /admin/check_maintain [32m200 [0m476.377 ms - 13[0m
[0mGET /admin/check_maintain [32m200 [0m552.356 ms - 13[0m
[0mPOST /cms/post_cms [32m200 [0m132.071 ms - 3099[0m
[0mGET /cms/get_site [36m304 [0m251.454 ms - -[0m
[0mPOST /cms/post_cms [32m200 [0m267.492 ms - 3099[0m
[0mGET /cms/get_site [36m304 [0m234.747 ms - -[0m
[0mGET /admin/check_maintain [32m200 [0m254.966 ms - 13[0m
[0mPOST /cms/post_cms [32m200 [0m126.710 ms - 3099[0m
[0mGET /cms/get_site [36m304 [0m128.639 ms - -[0m
[0mGET /admin/check_maintain [32m200 [0m315.379 ms - 13[0m
[0mPOST /cms/post_cms [32m200 [0m353.156 ms - 3099[0m
[0mGET /cms/get_site [36m304 [0m213.288 ms - -[0m
[0mGET /admin/check_maintain [32m200 [0m352.226 ms - 13[0m
[0mPOST /cms/post_cms [32m200 [0m189.828 ms - 3099[0m
[0mGET /cms/get_site [36m304 [0m252.897 ms - -[0m
[0mGET /admin/check_maintain [32m200 [0m412.474 ms - 13[0m
[0mGET /cms/get_site [36m304 [0m171.881 ms - -[0m
[0mPOST /cms/post_cms [32m200 [0m262.619 ms - 3099[0m
[0mGET /admin/check_maintain [32m200 [0m729.185 ms - 13[0m
[0mPOST /cms/post_cms [32m200 [0m373.241 ms - 3099[0m
[0mGET /cms/get_site [36m304 [0m538.470 ms - -[0m
[0mGET /admin/check_maintain [32m200 [0m338.992 ms - 13[0m
[0mPOST /cms/post_cms [32m200 [0m280.346 ms - 3099[0m
[0mGET /cms/get_site [36m304 [0m282.692 ms - -[0m
[0mGET /admin/check_maintain [32m200 [0m420.232 ms - 13[0m
[0mPOST /cms/post_cms [32m200 [0m224.523 ms - 3099[0m
[0mGET /cms/get_site [36m304 [0m227.140 ms - -[0m
[0mGET /admin/check_maintain [32m200 [0m252.458 ms - 13[0m
[0mGET /cms/get_site [36m304 [0m158.886 ms - -[0m
[0mPOST /cms/post_cms [32m200 [0m252.549 ms - 3099[0m
[0mGET /admin/check_maintain [32m200 [0m235.955 ms - 13[0m
[0mGET /admin/check_maintain [32m200 [0m336.500 ms - 13[0m
[0mGET /cms/get_site [36m304 [0m113.222 ms - -[0m
[0mPOST /cms/post_cms [32m200 [0m176.017 ms - 3099[0m
[0mPOST /cms/post_cms [32m200 [0m101.348 ms - 3099[0m
[0mGET /cms/get_site [36m304 [0m150.496 ms - -[0m
[0mGET /admin/check_maintain [32m200 [0m307.249 ms - 13[0m
[0mGET /admin/check_maintain [32m200 [0m277.049 ms - 13[0m
[0mPOST /cms/post_cms [32m200 [0m128.944 ms - 3099[0m
[0mGET /cms/get_site [36m304 [0m151.268 ms - -[0m
[0mPOST /cms/post_cms [32m200 [0m161.212 ms - 3099[0m
[0mGET /cms/get_site [36m304 [0m176.801 ms - -[0m
[0mGET /cms/get_site [36m304 [0m201.412 ms - -[0m
[0mGET /cms/get_site [36m304 [0m187.882 ms - -[0m
[0mPOST /cms/post_cms [32m200 [0m173.682 ms - 3099[0m
[0mGET /cms/get_site [36m304 [0m185.879 ms - -[0m
[0mGET /cms/get_site [36m304 [0m112.556 ms - -[0m
[0mPOST /cms/post_cms [32m200 [0m131.733 ms - 3099[0m
[0mGET /cms/get_site [36m304 [0m95.221 ms - -[0m
[0mGET /admin/check_maintain [32m200 [0m300.808 ms - 13[0m
[0mPOST /cms/post_cms [32m200 [0m107.250 ms - 3099[0m
[0mGET /cms/get_site [36m304 [0m137.783 ms - -[0m
[0mGET /admin/check_maintain [32m200 [0m334.088 ms - 13[0m
[0mGET /cms/get_site [36m304 [0m79.314 ms - -[0m
[0mPOST /cms/post_cms [32m200 [0m172.644 ms - 3099[0m
[0mGET /admin/check_maintain [32m200 [0m495.866 ms - 13[0m
[0mGET /admin/check_maintain [32m200 [0m512.915 ms - 13[0m
[0mPOST /cms/post_cms [32m200 [0m196.618 ms - 3099[0m
[0mGET /cms/get_site [36m304 [0m195.587 ms - -[0m
[0mGET /cms/get_site [36m304 [0m179.042 ms - -[0m
[0mPOST /cms/post_cms [32m200 [0m255.949 ms - 3099[0m
[0mGET /admin/getaccdetails [36m304 [0m8.493 ms - -[0m
[0mGET /admin/blockip [36m304 [0m104.516 ms - -[0m
[0mGET /admin/settings [36m304 [0m169.893 ms - -[0m
[0mGET /admin/blockip [36m304 [0m249.131 ms - -[0m
[0mPOST /admin/chklogin [32m200 [0m690.007 ms - 303[0m
[0mGET /admin/settings [36m304 [0m170.110 ms - -[0m
[0mGET /admin/profile/ [36m304 [0m196.998 ms - -[0m
[0mGET /admin/adminDashboard [32m200 [0m336.554 ms - 138[0m
[0mGET /admin/admin_access [32m200 [0m178.717 ms - 33[0m
[0mGET /cms/get_cms [32m200 [0m285.702 ms - 5719[0m
[0mGET /admin/getaccdetails [36m304 [0m1.934 ms - -[0m
[0mGET /admin/admin_access [32m200 [0m108.977 ms - 33[0m
[0mGET /pairs/pairs [32m200 [0m196.677 ms - 2635[0m
[0mGET /admin/admin_access [32m200 [0m163.020 ms - 33[0m
[0mGET /pairs/editPair/5d6534cdad9722a83c8f2c52 [32m200 [0m182.969 ms - 352[0m
[0mGET /admin/blockip [36m304 [0m143.911 ms - -[0m
[0mGET /admin/settings [36m304 [0m265.925 ms - -[0m
[0mGET /admin/profile/ [36m304 [0m97.653 ms - -[0m
[0mGET /admin/admin_access [32m200 [0m193.291 ms - 33[0m
[0mGET /admin/settings [36m304 [0m192.242 ms - -[0m
[0mGET /pairs/editPair/5d6534cdad9722a83c8f2c52 [32m200 [0m199.938 ms - 352[0m
[0mGET /admin/blockip [36m304 [0m111.188 ms - -[0m
[0mGET /admin/settings [36m304 [0m184.961 ms - -[0m
[0mGET /admin/admin_access [32m200 [0m115.673 ms - 33[0m
[0mGET /admin/settings [36m304 [0m207.680 ms - -[0m
[0mGET /admin/profile/ [36m304 [0m201.622 ms - -[0m
[0mGET /pairs/editPair/5d6534cdad9722a83c8f2c52 [32m200 [0m152.054 ms - 352[0m
[0mGET /admin/settings [36m304 [0m158.331 ms - -[0m
[0mGET /admin/blockip [36m304 [0m238.372 ms - -[0m
[0mGET /admin/admin_access [32m200 [0m110.429 ms - 33[0m
[0mGET /admin/settings [36m304 [0m178.647 ms - -[0m
[0mGET /admin/profile/ [36m304 [0m175.589 ms - -[0m
[0mGET /pairs/editPair/5d6534cdad9722a83c8f2c52 [32m200 [0m131.278 ms - 352[0m
[0mGET /admin/blockip [36m304 [0m109.997 ms - -[0m
[0mGET /admin/settings [36m304 [0m190.148 ms - -[0m
[0mGET /admin/admin_access [32m200 [0m116.073 ms - 33[0m
[0mGET /admin/settings [36m304 [0m179.142 ms - -[0m
[0mGET /admin/profile/ [36m304 [0m174.950 ms - -[0m
[0mGET /pairs/editPair/5d6534cdad9722a83c8f2c52 [32m200 [0m185.246 ms - 352[0m
[0mGET /admin/settings [36m304 [0m176.131 ms - -[0m
[0mGET /admin/blockip [36m304 [0m263.184 ms - -[0m
[0mGET /admin/admin_access [32m200 [0m140.546 ms - 33[0m
[0mGET /admin/profile/ [36m304 [0m199.031 ms - -[0m
[0mGET /admin/settings [36m304 [0m212.011 ms - -[0m
[0mGET /pairs/editPair/5d6534cdad9722a83c8f2c52 [32m200 [0m186.416 ms - 352[0m
[0mGET /admin/getaccdetails [36m304 [0m0.770 ms - -[0m
[0mGET /admin/admin_access [32m200 [0m84.226 ms - 33[0m
[0mGET /pairs/pairs [32m200 [0m243.395 ms - 2635[0m
[0mGET /admin/admin_access [32m200 [0m119.113 ms - 33[0m
[0mGET /pairs/editPair/5d6534cdad9722a83c8f2c52 [32m200 [0m212.792 ms - 352[0m
[0mGET /admin/blockip [36m304 [0m147.440 ms - -[0m
[0mGET /admin/settings [36m304 [0m209.351 ms - -[0m
[0mGET /admin/settings [36m304 [0m178.999 ms - -[0m
[0mGET /admin/profile/ [36m304 [0m264.796 ms - -[0m
[0mGET /admin/admin_access [32m200 [0m278.690 ms - 33[0m
[0mGET /pairs/editPair/5d6534cdad9722a83c8f2c52 [32m200 [0m210.212 ms - 352[0m
[0mGET /admin/blockip [36m304 [0m133.504 ms - -[0m
[0mGET /admin/settings [36m304 [0m224.503 ms - -[0m
[0mGET /admin/admin_access [32m200 [0m85.915 ms - 33[0m
[0mGET /admin/settings [36m304 [0m196.259 ms - -[0m
[0mGET /admin/profile/ [36m304 [0m188.213 ms - -[0m
[0mGET /pairs/editPair/5d6534cdad9722a83c8f2c52 [32m200 [0m88.973 ms - 352[0m
[0mGET /admin/blockip [36m304 [0m88.909 ms - -[0m
[0mGET /admin/settings [36m304 [0m209.180 ms - -[0m
[0mGET /admin/admin_access [32m200 [0m108.982 ms - 33[0m
[0mGET /admin/profile/ [36m304 [0m182.268 ms - -[0m
[0mGET /admin/settings [36m304 [0m288.546 ms - -[0m
[0mGET /pairs/editPair/5d6534cdad9722a83c8f2c52 [32m200 [0m227.133 ms - 352[0m
[0mGET /admin/blockip [36m304 [0m161.189 ms - -[0m
[0mGET /admin/settings [36m304 [0m241.236 ms - -[0m
[0mGET /admin/admin_access [32m200 [0m97.641 ms - 33[0m
[0mGET /admin/settings [36m304 [0m224.378 ms - -[0m
[0mGET /admin/profile/ [36m304 [0m220.268 ms - -[0m
[0mGET /pairs/editPair/5d6534cdad9722a83c8f2c52 [32m200 [0m154.369 ms - 352[0m
[0mGET /admin/getaccdetails [36m304 [0m0.456 ms - -[0m
[0mGET /admin/admin_access [32m200 [0m95.099 ms - 33[0m
[0mGET /pairs/pairs [32m200 [0m197.358 ms - 2635[0m
[0mGET /admin/admin_access [32m200 [0m217.556 ms - 33[0m
[0mGET /pairs/editPair/5d6534cdad9722a83c8f2c52 [32m200 [0m136.350 ms - 352[0m
[0mPOST /pairs/pairUpdate [32m200 [0m90.852 ms - 44[0m
[0mGET /admin/getaccdetails [36m304 [0m4.290 ms - -[0m
[0mGET /admin/admin_access [32m200 [0m256.802 ms - 33[0m
[0mGET /pairs/pairs [32m200 [0m258.054 ms - 2637[0m
[0mGET /admin/admin_access [32m200 [0m395.608 ms - 33[0m
[0mGET /pairs/editPair/607eac922d83f13a979f9c69 [32m200 [0m551.348 ms - 350[0m
[0mPOST /pairs/pairUpdate [32m200 [0m176.463 ms - 44[0m
[0mGET /admin/getaccdetails [36m304 [0m1.374 ms - -[0m
[0mGET /admin/admin_access [32m200 [0m133.907 ms - 33[0m
[0mGET /pairs/pairs [32m200 [0m192.430 ms - 2639[0m
[0mGET /admin/admin_access [32m200 [0m116.685 ms - 33[0m
[0mGET /pairs/editPair/60800ad800efc00c7251929a [32m200 [0m296.179 ms - 352[0m
[0mPOST /pairs/pairUpdate [32m200 [0m216.835 ms - 44[0m
[0mGET /admin/getaccdetails [36m304 [0m3.554 ms - -[0m
[0mGET /pairs/pairs [32m200 [0m218.842 ms - 2641[0m
[0mGET /admin/admin_access [32m200 [0m223.840 ms - 33[0m
[0mGET /admin/admin_access [32m200 [0m215.404 ms - 33[0m
[0mGET /pairs/editPair/6082a66c9e37590c6ab69da7 [32m200 [0m195.830 ms - 346[0m
[0mPOST /pairs/pairUpdate [32m200 [0m370.333 ms - 44[0m
[0mGET /admin/getaccdetails [36m304 [0m3.388 ms - -[0m
[0mGET /pairs/pairs [32m200 [0m201.244 ms - 2643[0m
[0mGET /admin/admin_access [32m200 [0m203.125 ms - 33[0m
[0mGET /admin/admin_access [32m200 [0m164.146 ms - 33[0m
[0mGET /pairs/editPair/6086d4ba12bef45c2e7d0d5c [32m200 [0m169.603 ms - 353[0m
[0mPOST /pairs/pairUpdate [32m200 [0m156.749 ms - 44[0m
[0mGET /admin/getaccdetails [36m304 [0m6.590 ms - -[0m
[0mGET /pairs/pairs [32m200 [0m223.967 ms - 2645[0m
[0mGET /admin/admin_access [32m200 [0m229.031 ms - 33[0m
[0mGET /admin/admin_access [32m200 [0m117.895 ms - 33[0m
[0mGET /pairs/editPair/60881cc592537318851665bc [32m200 [0m207.761 ms - 352[0m
[0mPOST /pairs/pairUpdate [32m200 [0m89.752 ms - 44[0m
[0mGET /admin/getaccdetails [36m304 [0m0.870 ms - -[0m
[0mGET /admin/admin_access [32m200 [0m148.367 ms - 33[0m
[0mGET /pairs/pairs [32m200 [0m259.447 ms - 2647[0m
[0mGET /admin/admin_access [32m200 [0m200.497 ms - 33[0m
[0mGET /pairs/editPair/60881cfe92537318851665bd [32m200 [0m279.901 ms - 352[0m
[0mPOST /pairs/pairUpdate [32m200 [0m373.165 ms - 44[0m
[0mGET /admin/getaccdetails [36m304 [0m1.207 ms - -[0m
[0mGET /pairs/pairs [32m200 [0m376.590 ms - 2649[0m
[0mGET /admin/admin_access [32m200 [0m371.343 ms - 33[0m
[0mGET /admin/admin_access [32m200 [0m1750.626 ms - 33[0m
[0mGET /pairs/editPair/6088e861b51c271e0808e538 [32m200 [0m515.823 ms - 346[0m
[0mPOST /pairs/pairUpdate [32m200 [0m163.605 ms - 44[0m
[0mGET /admin/getaccdetails [36m304 [0m1.940 ms - -[0m
[0mGET /admin/admin_access [32m200 [0m307.408 ms - 33[0m
[0mGET /pairs/pairs [32m200 [0m409.943 ms - 2651[0m
[0mGET /admin/getaccdetails [36m304 [0m0.845 ms - -[0m
[0mGET /admin/blockip [36m304 [0m160.202 ms - -[0m
[0mPOST /admin/chklogin [32m200 [0m592.465 ms - 303[0m
[0mGET /admin/settings [36m304 [0m89.628 ms - -[0m
[0mGET /admin/profile/ [36m304 [0m200.355 ms - -[0m
[0mGET /admin/adminDashboard [36m304 [0m290.644 ms - -[0m
[0mGET /admin/getaccdetails [36m304 [0m0.624 ms - -[0m
[0mPOST /admin/stakehistory [32m200 [0m286.627 ms - 3152[0m
[0mGET /admin/getaccdetails [36m304 [0m2.003 ms - -[0m
[0mGET /admin/admin_access [32m200 [0m92.020 ms - 33[0m
[0mGET /pairs/pairs [32m200 [0m214.576 ms - 2651[0m
[0mGET /admin/getaccdetails [36m304 [0m1.143 ms - -[0m
[0mGET /admin/blockip [36m304 [0m109.135 ms - -[0m
[0mPOST /admin/chklogin [32m200 [0m507.664 ms - 303[0m
[0mGET /admin/settings [36m304 [0m113.382 ms - -[0m
[0mGET /admin/profile/ [36m304 [0m115.463 ms - -[0m
[0mGET /admin/adminDashboard [32m200 [0m311.429 ms - 3151[0m
[0mGET /admin/getaccdetails [36m304 [0m0.817 ms - -[0m
[0mPOST /admin/stakehistory [32m200 [0m211.740 ms - 3152[0m
[0mGET /admin/blockip [36m304 [0m264.844 ms - -[0m
[0mGET /admin/getaccdetails [36m304 [0m0.545 ms - -[0m
[0mGET /admin/settings [36m304 [0m347.183 ms - -[0m
[0mGET /admin/profile/ [36m304 [0m117.760 ms - -[0m
[0mPOST /admin/stakehistory [32m200 [0m249.286 ms - 3152[0m
[0mGET /admin/settings [36m304 [0m367.362 ms - -[0m
[0mGET /admin/blockip [36m304 [0m143.174 ms - -[0m
[0mGET /admin/settings [36m304 [0m220.477 ms - -[0m
[0mGET /admin/getaccdetails [36m304 [0m0.789 ms - -[0m
[0mGET /admin/settings [36m304 [0m71.427 ms - -[0m
[0mGET /admin/profile/ [36m304 [0m133.060 ms - -[0m
[0mPOST /admin/stakehistory [32m200 [0m183.311 ms - 3152[0m
[0mGET /admin/getaccdetails [36m304 [0m0.741 ms - -[0m
[0mGET /admin/admin_access [32m200 [0m152.867 ms - 33[0m
[0mGET /pairs/pairs [32m200 [0m274.548 ms - 2651[0m
[0mGET / [36m304 [0m1152.656 ms - -[0m
[0mGET /stylesheets/style.css [36m304 [0m2.514 ms - -[0m
[0mGET /favicon.ico [33m404 [0m11.097 ms - 160[0m
[0mGET /pairs/totalprice [31m500 [0m2.240 ms - 195[0m
[0mGET /stylesheets/style.css [36m304 [0m0.745 ms - -[0m
[0mGET /pairs/totalprice [33m401 [0m5.649 ms - 20[0m
[0mGET /pairs/totalprice [31m500 [0m178.770 ms - 171[0m
[0mGET /stylesheets/style.css [36m304 [0m1.547 ms - -[0m
[0mGET /pairs/totalprice [31m500 [0m1.729 ms - 171[0m
[0mGET /stylesheets/style.css [36m304 [0m0.768 ms - -[0m
[0mGET /admin/getaccdetails [36m304 [0m2.123 ms - -[0m
[0mGET /admin/blockip [36m304 [0m634.451 ms - -[0m
[0mGET /pairs/totalprice [32m200 [0m259.299 ms - 118[0m
[0mGET /pairs/totalprice [32m200 [0m1382.212 ms - 686[0m
[0mGET /admin/getaccdetails [36m304 [0m1.892 ms - -[0m
[0mGET /admin/blockip [36m304 [0m501.451 ms - -[0m
[0mPOST /admin/chklogin [32m200 [0m587.276 ms - 303[0m
[0mGET /admin/settings [36m304 [0m156.102 ms - -[0m
[0mGET /admin/profile/ [36m304 [0m229.216 ms - -[0m
[0mGET /admin/adminDashboard [32m200 [0m376.348 ms - 138[0m
[0mGET /admin/getaccdetails [36m304 [0m4.656 ms - -[0m
[0mGET /admin/admin_access [32m200 [0m127.136 ms - 33[0m
[0mGET /pairs/pairs [32m200 [0m413.546 ms - 2651[0m
[0mGET /admin/blockip [36m304 [0m92.812 ms - -[0m
[0mGET /admin/settings [36m304 [0m147.432 ms - -[0m
[0mGET /admin/getaccdetails [36m304 [0m3.722 ms - -[0m
[0mGET /admin/admin_access [32m200 [0m87.428 ms - 33[0m
[0mGET /admin/profile/ [36m304 [0m145.532 ms - -[0m
[0mGET /pairs/pairs [32m200 [0m220.857 ms - 2651[0m
[0mGET /admin/settings [36m304 [0m236.164 ms - -[0m
[0mGET /admin/adminDashboard [36m304 [0m258.835 ms - -[0m
[0mGET /pairs/totalprice [32m200 [0m312.262 ms - 686[0m
[0mGET /admin/blockip [36m304 [0m87.332 ms - -[0m
[0mGET /admin/settings [36m304 [0m163.039 ms - -[0m
[0mGET /admin/settings [36m304 [0m135.476 ms - -[0m
[0mGET /admin/profile/ [36m304 [0m134.118 ms - -[0m
[0mGET /admin/adminDashboard [36m304 [0m221.100 ms - -[0m
[0mGET /pairs/totalprice [36m304 [0m397.098 ms - -[0m
[0mGET /admin/blockip [36m304 [0m81.620 ms - -[0m
[0mGET /admin/settings [36m304 [0m142.957 ms - -[0m
[0mGET /admin/settings [36m304 [0m124.453 ms - -[0m
[0mGET /admin/profile/ [36m304 [0m119.039 ms - -[0m
[0mGET /admin/adminDashboard [36m304 [0m187.911 ms - -[0m
[0mGET /pairs/totalprice [36m304 [0m353.630 ms - -[0m
[0mGET /admin/settings [36m304 [0m124.767 ms - -[0m
[0mGET /admin/blockip [36m304 [0m133.120 ms - -[0m
[0mGET /admin/settings [36m304 [0m147.627 ms - -[0m
[0mGET /admin/profile/ [36m304 [0m137.200 ms - -[0m
[0mGET /admin/adminDashboard [36m304 [0m175.964 ms - -[0m
[0mGET /pairs/totalprice [36m304 [0m429.474 ms - -[0m
[0mGET /admin/getaccdetails [36m304 [0m1.772 ms - -[0m
[0mGET /admin/admin_access [32m200 [0m286.775 ms - 33[0m
[0mGET /pairs/pairs [32m200 [0m390.845 ms - 2651[0m
[0mGET /admin/getaccdetails [36m304 [0m1.219 ms - -[0m
[0mGET /admin/settings [36m304 [0m808.909 ms - -[0m
[0mGET /admin/blockip [36m304 [0m812.905 ms - -[0m
[0mGET /admin/admin_access [32m200 [0m305.587 ms - 33[0m
[0mGET /pairs/pairs [32m200 [0m417.894 ms - 2651[0m
[0mGET /admin/profile/ [36m304 [0m421.286 ms - -[0m
[0mGET /admin/settings [36m304 [0m508.370 ms - -[0m
[0mGET /admin/adminDashboard [36m304 [0m250.360 ms - -[0m
[0mGET /pairs/totalprice [36m304 [0m320.858 ms - -[0m
[0mGET /pairs/totalprice [31m500 [0m191.377 ms - 195[0m
[0mGET /stylesheets/style.css [36m304 [0m2.072 ms - -[0m
[0mGET /admin/getaccdetails [36m304 [0m0.984 ms - -[0m
[0mGET /admin/blockip [36m304 [0m124.098 ms - -[0m
[0mGET /admin/getaccdetails [36m304 [0m0.978 ms - -[0m
[0mGET /admin/blockip [36m304 [0m89.424 ms - -[0m
[0mGET /admin/settings [36m304 [0m155.788 ms - -[0m
[0mGET /admin/blockip [36m304 [0m140.122 ms - -[0m
[0mPOST /admin/chklogin [32m200 [0m706.597 ms - 303[0m
[0mGET /pairs/totalprice [32m200 [0m218.234 ms - 686[0m
[0mGET /admin/settings [36m304 [0m241.423 ms - -[0m
[0mGET /admin/profile/ [36m304 [0m259.858 ms - -[0m
[0mGET /admin/adminDashboard [36m304 [0m399.027 ms - -[0m
[0mGET /admin/settings [36m304 [0m285.361 ms - -[0m
[0mGET /admin/blockip [36m304 [0m361.065 ms - -[0m
[0mGET /admin/settings [36m304 [0m157.046 ms - -[0m
[0mGET /admin/profile/ [36m304 [0m114.317 ms - -[0m
[0mGET /admin/adminDashboard [36m304 [0m182.249 ms - -[0m
[0mGET /pairs/totalprice [36m304 [0m282.644 ms - -[0m
[0mGET /admin/getaccdetails [36m304 [0m0.857 ms - -[0m
[0mGET /admin/blockip [36m304 [0m882.155 ms - -[0m
[0mGET /admin/blockip [36m304 [0m90.770 ms - -[0m
[0mGET /admin/getaccdetails [36m304 [0m0.754 ms - -[0m
[0mGET /admin/settings [36m304 [0m241.179 ms - -[0m
[0mGET /admin/blockip [36m304 [0m370.652 ms - -[0m
[0mPOST /admin/chklogin [32m200 [0m496.915 ms - 303[0m
[0mGET /admin/settings [36m304 [0m192.836 ms - -[0m
[0mGET /admin/profile/ [36m304 [0m193.605 ms - -[0m
[0mGET /admin/adminDashboard [36m304 [0m489.826 ms - -[0m
[0mGET /pairs/totalprice [36m304 [0m577.462 ms - -[0m
[0mGET /admin/blockip [36m304 [0m194.799 ms - -[0m
[0mGET /admin/settings [36m304 [0m251.142 ms - -[0m
[0mGET /admin/settings [36m304 [0m74.898 ms - -[0m
[0mGET /admin/profile/ [36m304 [0m94.191 ms - -[0m
[0mGET /admin/adminDashboard [36m304 [0m216.379 ms - -[0m
[0mGET /pairs/totalprice [36m304 [0m287.360 ms - -[0m
[0mGET /admin/blockip [36m304 [0m187.826 ms - -[0m
[0mGET /admin/settings [36m304 [0m255.178 ms - -[0m
[0mGET /admin/settings [36m304 [0m71.627 ms - -[0m
[0mGET /admin/profile/ [36m304 [0m93.969 ms - -[0m
[0mGET /admin/adminDashboard [36m304 [0m115.301 ms - -[0m
[0mGET /pairs/totalprice [36m304 [0m270.499 ms - -[0m
